#
# A fatal error has been detected by the Java Runtime Environment:
#
#  Internal Error (jvmciRuntime.cpp:1609), pid=95, tid=109
#  fatal error: Fatal exception in JVMCI: Error calling jdk.vm.ci.services.Services.serializeSavedProperties
#
# JRE version: OpenJDK Runtime Environment GraalVM CE 22.3.0 (17.0.5+8) (build 17.0.5+8-jvmci-22.3-b08)
# Java VM: OpenJDK 64-Bit Server VM GraalVM CE 22.3.0 (17.0.5+8-jvmci-22.3-b08, mixed mode, sharing, tiered, jvmci, jvmci compiler, compressed oops, compressed class ptrs, parallel gc, linux-amd64)
# Problematic frame:
# V  [libjvm.so+0x972714]  JVMCIRuntime::fatal_exception(JVMCIEnv*, char const*)+0x74
#
# Core dump will be written. Default location: Core dumps may be processed with "/usr/share/apport/apport -p%p -s%s -c%c -d%d -P%P -u%u -g%g -- %E" (or dumping to /home/runner/capitulo183/core.95)
#
# If you would like to submit a bug report, please visit:
#   https://github.com/oracle/graal/issues
#

---------------  S U M M A R Y ------------

Command Line: -XX:ThreadPriorityPolicy=1 -XX:+UnlockExperimentalVMOptions -XX:+EnableJVMCIProduct -XX:JVMCIThreadsPerNativeLibraryRuntime=1 -XX:-UnlockExperimentalVMOptions -Declipse.application=org.eclipse.jdt.ls.core.id1 -Dosgi.bundles.defaultStartLevel=4 -Declipse.product=org.eclipse.jdt.ls.core.product -Dlog.level=ALL -Xverify:none -XX:+UseParallelGC -XX:GCTimeRatio=4 -XX:AdaptiveSizePolicyWeight=90 -Dsun.zip.disableMemoryMapping=true -Xmx512m -Xms100m /nix/store/m6gcpi1ii6rghy04cjwjddcavv7i90df-jdt-language-server-1.9.0/share/java/plugins/org.eclipse.equinox.launcher_1.6.400.v20210924-0641.jar --add-modules=ALL-SYSTEM --add-opens java.base/java.util=ALL-UNNAMED --add-opens java.base/java.lang=ALL-UNNAMED -configuration /home/runner/.cache/jdt-language-server/config -data /home/runner/.cache/jdt-language-server/data/home/runner/capitulo183

Host: AMD EPYC 7B12, 4 cores, 1G, Ubuntu 20.04.2 LTS
Time: Sun Dec 25 09:42:40 2022 UTC elapsed time: 724.254874 seconds (0d 0h 12m 4s)

---------------  T H R E A D  ---------------

Current thread (0x00007fece00b2210):  JavaThread "JVMCI-native CompilerThread0" daemon [_thread_in_vm, id=109, stack(0x00007fece4a1a000,0x00007fece4c1a000)]


Current CompileTask:
JVMCI-native: 724262 7068       4       jdk.internal.reflect.UTF8::utf8Length (81 bytes)

Stack: [0x00007fece4a1a000,0x00007fece4c1a000],  sp=0x00007fece4c18380,  free space=2040k
Native frames: (J=compiled Java code, j=interpreted, Vv=VM code, C=native code)
V  [libjvm.so+0x972714]  JVMCIRuntime::fatal_exception(JVMCIEnv*, char const*)+0x74
V  [libjvm.so+0x93e2fe]  JVMCIEnv::copy_saved_properties()+0x14e
V  [libjvm.so+0x9732a9]  JVMCIRuntime::initialize(JVMCIEnv*)+0xb19
V  [libjvm.so+0x9738a2]  JVMCIRuntime::get_HotSpotJVMCIRuntime(JVMCIEnv*)+0x12
V  [libjvm.so+0x9749f2]  JVMCIRuntime::compile_method(JVMCIEnv*, JVMCICompiler*, methodHandle const&, int)+0xd2
V  [libjvm.so+0x5b0d20]  CompileBroker::invoke_compiler_on_method(CompileTask*)+0x1470
V  [libjvm.so+0x5b12e8]  CompileBroker::compiler_thread_loop()+0x528
V  [libjvm.so+0xd82460]  JavaThread::thread_main_inner()+0xd0
V  [libjvm.so+0xd85a40]  Thread::call_run()+0xc0
V  [libjvm.so+0xbdb1e1]  thread_native_entry(Thread*)+0xe1

Register to memory mapping:

RAX=0x00007fece7b56000 points into unknown readable memory: 0x0000000000000058 | 58 00 00 00 00 00 00 00
RBX=0x00007fece8c51398: <offset 0x0000000000ef5398> in /nix/store/gpxl5qgg8kicmcvivwmybwjlpf7wh20l-graalvm17-ce-22.3.0/lib/server/libjvm.so at 0x00007fece7d5c000
RCX=0x00007fece8c091e8: <offset 0x0000000000ead1e8> in /nix/store/gpxl5qgg8kicmcvivwmybwjlpf7wh20l-graalvm17-ce-22.3.0/lib/server/libjvm.so at 0x00007fece7d5c000
RDX=0x0000000000000649 is an unknown value
RSP=0x00007fece4c18380 is pointing into the stack for thread: 0x00007fece00b2210
RBP=0x00007fece4c183a0 is pointing into the stack for thread: 0x00007fece00b2210
RSI=0x00007fece8c51c48: <offset 0x0000000000ef5c48> in /nix/store/gpxl5qgg8kicmcvivwmybwjlpf7wh20l-graalvm17-ce-22.3.0/lib/server/libjvm.so at 0x00007fece7d5c000
RDI=0x00000000e0000000 is an oop: [B 
{0x00000000e0000000} - klass: {type array byte}
 - length: 13
R8 =0x00007fece8c51398: <offset 0x0000000000ef5398> in /nix/store/gpxl5qgg8kicmcvivwmybwjlpf7wh20l-graalvm17-ce-22.3.0/lib/server/libjvm.so at 0x00007fece7d5c000
R9 =0x00007fece4c18330 is pointing into the stack for thread: 0x00007fece00b2210
R10=0x00007fece4c19948 is pointing into the stack for thread: 0x00007fece00b2210
R11=0x0000000000000293 is an unknown value
R12=0x0 is NULL
R13=0x00007fece00b2210 is a thread
R14=0x00007fece0000b80 points into unknown readable memory: 0x00007fece8e82a38 | 38 2a e8 e8 ec 7f 00 00
R15=0x00007fece8f90e40: <offset 0x0000000001234e40> in /nix/store/gpxl5qgg8kicmcvivwmybwjlpf7wh20l-graalvm17-ce-22.3.0/lib/server/libjvm.so at 0x00007fece7d5c000


Registers:
RAX=0x00007fece7b56000, RBX=0x00007fece8c51398, RCX=0x00007fece8c091e8, RDX=0x0000000000000649
RSP=0x00007fece4c18380, RBP=0x00007fece4c183a0, RSI=0x00007fece8c51c48, RDI=0x00000000e0000000
R8 =0x00007fece8c51398, R9 =0x00007fece4c18330, R10=0x00007fece4c19948, R11=0x0000000000000293
R12=0x0000000000000000, R13=0x00007fece00b2210, R14=0x00007fece0000b80, R15=0x00007fece8f90e40
RIP=0x00007fece86ce714, EFLAGS=0x0000000000010206, CSGSFS=0x002b000000000033, ERR=0x0000000000000006
  TRAPNO=0x000000000000000e

Top of Stack: (sp=0x00007fece4c18380)
0x00007fece4c18380:   00007fece4c18940 00007fece00b2210
0x00007fece4c18390:   00007fece64e9888 0000000800c426d8
0x00007fece4c183a0:   00007fece4c18500 00007fece869a2fe
0x00007fece4c183b0:   00007fece4c183e0 00007fece4c18440 

Instructions: (pc=0x00007fece86ce714)
0x00007fece86ce614:   30 e8 f6 cf e8 ff 4c 89 e7 e8 2e 48 d1 ff 84 db
0x00007fece86ce624:   75 2a 4d 85 ed 74 04 4d 8b 6d 00 48 83 c4 08 44
0x00007fece86ce634:   89 f9 4c 89 f2 4c 89 ee 5b 4c 89 e7 41 5c 41 5d
0x00007fece86ce644:   41 5e 41 5f 5d e9 e2 47 d1 ff 66 90 48 83 c4 08
0x00007fece86ce654:   5b 41 5c 41 5d 41 5e 41 5f 5d c3 90 31 d2 be 08
0x00007fece86ce664:   00 00 00 4c 89 ff e8 b1 78 a3 ff 49 89 c5 e9 37
0x00007fece86ce674:   ff ff ff 66 0f 1f 84 00 00 00 00 00 48 8b 7a 08
0x00007fece86ce684:   e9 6d ff ff ff 0f 1f 80 00 00 00 00 e8 5b 48 0a
0x00007fece86ce694:   00 84 c0 75 89 e9 6a ff ff ff 66 90 55 48 89 e5
0x00007fece86ce6a4:   41 56 41 55 41 54 49 89 fc 53 48 89 f3 66 48 8d
0x00007fece86ce6b4:   3d 27 5e 85 00 66 66 48 e8 df 43 8d ff 4c 8b 28
0x00007fece86ce6c4:   8b 05 be 72 8a 00 85 c0 75 14 ba 01 00 00 00 48
0x00007fece86ce6d4:   8d 0d ae 72 8a 00 f0 0f b1 11 85 c0 74 4e be c8
0x00007fece86ce6e4:   00 00 00 4c 89 ef e8 01 0b 41 00 48 8d 05 12 ac
0x00007fece86ce6f4:   85 00 49 89 d8 48 8d 0d e8 aa 53 00 ba 49 06 00
0x00007fece86ce704:   00 48 8d 35 3c 35 58 00 bf 00 00 00 e0 48 8b 00
0x00007fece86ce714:   c6 00 58 31 c0 e8 e2 91 c6 ff 5b 41 5c 41 5d 41
0x00007fece86ce724:   5e 5d e9 55 34 26 00 0f 1f 44 00 00 48 8d 05 81
0x00007fece86ce734:   a3 8b 00 48 89 df 4c 8b 30 e8 9e 43 8d ff 48 89
0x00007fece86ce744:   de 48 89 c2 49 8b 06 4c 89 f7 ff 50 08 4c 89 f7
0x00007fece86ce754:   e8 a7 5c 27 00 4d 85 e4 74 12 be 01 00 00 00 4c
0x00007fece86ce764:   89 e7 e8 35 43 fc ff eb 82 0f 1f 00 be 01 00 00
0x00007fece86ce774:   00 4c 89 ef e8 d3 fd ff ff e9 6d ff ff ff 66 66
0x00007fece86ce784:   2e 0f 1f 84 00 00 00 00 00 0f 1f 00 55 48 89 e5
0x00007fece86ce794:   41 57 41 56 41 55 41 54 53 48 81 ec 08 02 00 00
0x00007fece86ce7a4:   64 48 8b 04 25 28 00 00 00 48 89 45 c8 8b 07 83
0x00007fece86ce7b4:   f8 02 0f 84 11 04 00 00 4c 8b 6f 18 49 89 ff 49
0x00007fece86ce7c4:   89 f4 4d 85 ed 74 14 4c 89 ef e8 5d 57 22 00 41
0x00007fece86ce7d4:   8b 07 83 f8 02 0f 84 19 04 00 00 48 8d 1d 9a 06
0x00007fece86ce7e4:   8a 00 4c 8d 35 0b 3c 58 00 eb 38 90 48 85 d2 7f
0x00007fece86ce7f4:   0d 48 8d 05 b4 c0 85 00 48 83 38 00 7e 0e 41 8b
0x00007fece86ce804:   77 2c 4c 89 f7 31 c0 e8 a0 b2 f7 ff 49 8b 7f 18 


Stack slot to memory mapping:
stack at sp + 0 slots: 0x00007fece4c18940 is pointing into the stack for thread: 0x00007fece00b2210
stack at sp + 1 slots: 0x00007fece00b2210 is a thread
stack at sp + 2 slots: 0x00007fece64e9888 points into unknown readable memory: 0x657300183c7affff | ff ff 7a 3c 18 00 73 65
stack at sp + 3 slots: 0x0000000800c426d8 is a pointer to class: 
jdk.vm.ci.services.Services {0x0000000800c426d8}
 - instance size:     2
 - klass size:        65
 - access:            public final synchronized 
 - state:             fully_initialized
 - name:              'jdk/vm/ci/services/Services'
 - super:             'java/lang/Object'
 - sub:               
 - arrays:            NULL
 - methods:           Array<T>(0x00007fece544fbd0)
 - method ordering:   Array<T>(0x0000000800928960)
 - default_methods:   Array<T>(0x0000000000000000)
 - local interfaces:  Array<T>(0x00000008005ce810)
 - trans. interfaces: Array<T>(0x00000008005ce810)
 - constants:         constant pool [427] {0x00007fece544d500} for 'jdk/vm/ci/services/Services' cache=0x00007fece5450ea0
 - class loader data:  loader data: 0x00007fece00283f0 of 'bootstrap'
 - source file:       'Services.java'
 - class annotations:       Array<T>(0x0000000000000000)
 - class type annotations:  Array<T>(0x0000000000000000)
 - field annotations:       Array<T>(0x0000000000000000)
 - field type annotations:  Array<T>(0x0000000000000000)
 - inner classes:     Array<T>(0x00007fece5450e70)
 - nest members:     Array<T>(0x00007fece5450e90)
 - permitted subclasses:     Array<T>(0x00000008005ce7a0)
 - java mirror:       a 'java/lang/Class'{0x00000000e017a6b0} = 'jdk/vm/ci/services/Services'
 - vtable length      5  (start addr: 0x0000000800c428a8)
 - itable length      2 (start addr: 0x0000000800c428d0)
 - ---- static fields (3 words):
 - public static final 'IS_BUILDING_NATIVE_IMAGE' 'Z' @128 
 - public static final 'IS_IN_NATIVE_IMAGE' 'Z' @129 
 - private static volatile 'savedProperties' 'Ljava/util/Map;' @112 
 - static final 'JVMCI_ENABLED' 'Z' @130 
 - private static final 'servicesCache' 'Ljava/util/Map;' @116 
 - private static final 'MAX_UNICODE_IN_UTF8_LENGTH' 'I' @120 
 - private static final 'MAX_UTF8_PROPERTY_STRING_LENGTH' 'I' @124 
 - ---- non-static fields (0 words):
 - non-static oop maps: 
stack at sp + 4 slots: 0x00007fece4c18500 is pointing into the stack for thread: 0x00007fece00b2210
stack at sp + 5 slots: 0x00007fece869a2fe: <offset 0x000000000093e2fe> in /nix/store/gpxl5qgg8kicmcvivwmybwjlpf7wh20l-graalvm17-ce-22.3.0/lib/server/libjvm.so at 0x00007fece7d5c000
stack at sp + 6 slots: 0x00007fece4c183e0 is pointing into the stack for thread: 0x00007fece00b2210
stack at sp + 7 slots: 0x00007fece4c18440 is pointing into the stack for thread: 0x00007fece00b2210


---------------  P R O C E S S  ---------------

Threads class SMR info:
_java_thread_list=0x00007feca0096e20, length=24, elements={
0x00007fece0026690, 0x00007fece00a64d0, 0x00007fece00a7910, 0x00007fece00ae080,
0x00007fece00af430, 0x00007fece00b0820, 0x00007fece00b2210, 0x00007fece00b3720,
0x00007fece00b4b70, 0x00007fece00d7a40, 0x00007fece011f4b0, 0x00007fece0301ef0,
0x00007fece03351a0, 0x00007fece03379f0, 0x00007fece05fccd0, 0x00007fec78017250,
0x00007fec782a29e0, 0x00007fec78304a70, 0x00007fec78484d90, 0x00007fec78689e50,
0x00007fece040b060, 0x00007fece03a8790, 0x00007fec84001b20, 0x00007fec94063040
}

Java Threads: ( => current thread )
  0x00007fece0026690 JavaThread "main" [_thread_blocked, id=101, stack(0x00007fece7b77000,0x00007fece7c77000)]
  0x00007fece00a64d0 JavaThread "Reference Handler" daemon [_thread_blocked, id=104, stack(0x00007fece5300000,0x00007fece5400000)]
  0x00007fece00a7910 JavaThread "Finalizer" daemon [_thread_blocked, id=105, stack(0x00007fece5200000,0x00007fece5300000)]
  0x00007fece00ae080 JavaThread "Signal Dispatcher" daemon [_thread_blocked, id=106, stack(0x00007fece4e1a000,0x00007fece4f1a000)]
  0x00007fece00af430 JavaThread "Service Thread" daemon [_thread_blocked, id=107, stack(0x00007fece4d1a000,0x00007fece4e1a000)]
  0x00007fece00b0820 JavaThread "Monitor Deflation Thread" daemon [_thread_blocked, id=108, stack(0x00007fece4c1a000,0x00007fece4d1a000)]
=>0x00007fece00b2210 JavaThread "JVMCI-native CompilerThread0" daemon [_thread_in_vm, id=109, stack(0x00007fece4a1a000,0x00007fece4c1a000)]
  0x00007fece00b3720 JavaThread "C1 CompilerThread0" daemon [_thread_blocked, id=110, stack(0x00007fece481a000,0x00007fece4a1a000)]
  0x00007fece00b4b70 JavaThread "Sweeper thread" daemon [_thread_blocked, id=111, stack(0x00007fece471a000,0x00007fece481a000)]
  0x00007fece00d7a40 JavaThread "Common-Cleaner" daemon [_thread_blocked, id=112, stack(0x00007fece461a000,0x00007fece471a000)]
  0x00007fece011f4b0 JavaThread "Notification Thread" daemon [_thread_blocked, id=113, stack(0x00007fece451a000,0x00007fece461a000)]
  0x00007fece0301ef0 JavaThread "Active Thread: Equinox Container: 723b125f-5b2f-4ee5-a6ec-060931c9ae67" [_thread_blocked, id=118, stack(0x00007fece4200000,0x00007fece4300000)]
  0x00007fece03351a0 JavaThread "Framework Event Dispatcher: Equinox Container: 723b125f-5b2f-4ee5-a6ec-060931c9ae67" daemon [_thread_blocked, id=119, stack(0x00007fece4000000,0x00007fece4100000)]
  0x00007fece03379f0 JavaThread "Start Level: Equinox Container: 723b125f-5b2f-4ee5-a6ec-060931c9ae67" daemon [_thread_blocked, id=120, stack(0x00007fecc73b3000,0x00007fecc74b3000)]
  0x00007fece05fccd0 JavaThread "Refresh Thread: Equinox Container: 723b125f-5b2f-4ee5-a6ec-060931c9ae67" daemon [_thread_blocked, id=121, stack(0x00007fecc4f00000,0x00007fecc5000000)]
  0x00007fec78017250 JavaThread "SCR Component Actor" daemon [_thread_blocked, id=122, stack(0x00007fecc4e00000,0x00007fecc4f00000)]
  0x00007fec782a29e0 JavaThread "Worker-JM" [_thread_blocked, id=124, stack(0x00007fecc4b00000,0x00007fecc4c00000)]
  0x00007fec78304a70 JavaThread "Worker-0" [_thread_blocked, id=125, stack(0x00007fecc4900000,0x00007fecc4a00000)]
  0x00007fec78484d90 JavaThread "Java indexing" daemon [_thread_blocked, id=128, stack(0x00007fecc4300000,0x00007fecc4400000)]
  0x00007fec78689e50 JavaThread "Bundle File Closer" daemon [_thread_blocked, id=129, stack(0x00007fecc4100000,0x00007fecc4200000)]
  0x00007fece040b060 JavaThread "pool-3-thread-1" [_thread_blocked, id=130, stack(0x00007fec8ed00000,0x00007fec8ee00000)]
  0x00007fece03a8790 JavaThread "pool-2-thread-1" [_thread_in_native, id=131, stack(0x00007fec8eb00000,0x00007fec8ec00000)]
  0x00007fec84001b20 JavaThread "Worker-5: Compacting resource model" [_thread_blocked, id=136, stack(0x00007fec8e500000,0x00007fec8e600000)]
  0x00007fec94063040 JavaThread "Worker-7: Periodic workspace save." [_thread_blocked, id=141, stack(0x00007fecc4700000,0x00007fecc4800000)]

Other Threads:
  0x00007fece00a1c10 VMThread "VM Thread" [stack: 0x00007fece5c90000,0x00007fece5d90000] [id=103] _threads_hazard_ptr=0x00007feca0096e20
  0x00007fece0120e50 WatcherThread [stack: 0x00007fece441a000,0x00007fece451a000] [id=114]
  0x00007fece003df30 GCTaskThread "GC Thread#0" [stack: 0x00007fece773a000,0x00007fece783a000] [id=102]

Threads with active compile tasks:
JVMCI-native CompilerThread0   724511 7068       4       jdk.internal.reflect.UTF8::utf8Length (81 bytes)

VM state: synchronizing (normal execution)

VM Mutex/Monitor currently owned by a thread:  ([mutex/lock_event])
[0x00007fece0023840] Threads_lock - owner thread: 0x00007fece00a1c10
[0x00007fece0023ff0] Heap_lock - owner thread: 0x00007fec78484d90

OutOfMemory and StackOverflow Exception counts:
OutOfMemoryError java_heap_errors=3
LinkageErrors=50

Heap address: 0x00000000e0000000, size: 512 MB, Compressed Oops mode: 32-bit

CDS archive(s) mapped at: [0x0000000800000000-0x0000000800bc8000-0x0000000800bc8000), size 12353536, SharedBaseAddress: 0x0000000800000000, ArchiveRelocationMode: 0.
Compressed class space mapped at: 0x0000000800c00000-0x0000000840c00000, reserved size: 1073741824
Narrow klass base: 0x0000000800000000, Narrow klass shift: 0, Narrow klass range: 0x100000000

GC Precious Log:
 CPUs: 4 total, 1 available
 Memory: 1024M
 Large Page Support: Disabled
 NUMA Support: Disabled
 Compressed Oops: Enabled (32-bit)
 Alignments: Space 512K, Generation 512K, Heap 2M
 Heap Min Capacity: 100M
 Heap Initial Capacity: 100M
 Heap Max Capacity: 512M
 Pre-touch: Disabled
 Parallel Workers: 1

Heap:
 PSYoungGen      total 37888K, used 29184K [0x00000000f5580000, 0x00000000f8800000, 0x0000000100000000)
  eden space 29184K, 100% used [0x00000000f5580000,0x00000000f7200000,0x00000000f7200000)
  from space 8704K, 0% used [0x00000000f7f80000,0x00000000f7f80000,0x00000000f8800000)
  to   space 11264K, 0% used [0x00000000f7200000,0x00000000f7200000,0x00000000f7d00000)
 ParOldGen       total 349696K, used 349696K [0x00000000e0000000, 0x00000000f5580000, 0x00000000f5580000)
  object space 349696K, 100% used [0x00000000e0000000,0x00000000f5580000,0x00000000f5580000)
 Metaspace       used 50335K, committed 51200K, reserved 1097728K
  class space    used 5012K, committed 5376K, reserved 1048576K

Card table byte_map: [0x00007fece783a000,0x00007fece793b000] _byte_map_base: 0x00007fece713a000

Marking Bits: (ParMarkBitMap*) 0x00007fece8f8a4c0
 Begin Bits: [0x00007fece668d000, 0x00007fece6e8d000)
 End Bits:   [0x00007fece6e8d000, 0x00007fece768d000)

Polling page: 0x00007fece7b54000

Metaspace:

Usage:
  Non-class:     44.26 MB used.
      Class:      4.90 MB used.
       Both:     49.16 MB used.

Virtual space:
  Non-class space:       48.00 MB reserved,      44.75 MB ( 93%) committed,  6 nodes.
      Class space:        1.00 GB reserved,       5.25 MB ( <1%) committed,  1 nodes.
             Both:        1.05 GB reserved,      50.00 MB (  5%) committed. 

Chunk freelists:
   Non-Class:  2.80 MB
       Class:  2.73 MB
        Both:  5.53 MB

MaxMetaspaceSize: unlimited
CompressedClassSpaceSize: 1.00 GB
Initial GC threshold: 21.00 MB
Current GC threshold: 83.25 MB
CDS: on
MetaspaceReclaimPolicy: balanced
 - commit_granule_bytes: 65536.
 - commit_granule_words: 8192.
 - virtual_space_node_default_size: 1048576.
 - enlarge_chunks_in_place: 1.
 - new_chunks_are_fully_committed: 0.
 - uncommit_free_chunks: 1.
 - use_allocation_guard: 0.
 - handle_deallocations: 1.


Internal statistics:

num_allocs_failed_limit: 6.
num_arena_births: 348.
num_arena_deaths: 66.
num_vsnodes_births: 7.
num_vsnodes_deaths: 0.
num_space_committed: 799.
num_space_uncommitted: 0.
num_chunks_returned_to_freelist: 95.
num_chunks_taken_from_freelist: 2225.
num_chunk_merges: 37.
num_chunk_splits: 1439.
num_chunks_enlarged: 899.
num_purges: 4.
num_inconsistent_stats: 0.

CodeHeap 'non-profiled nmethods': size=120036Kb used=2386Kb max_used=2386Kb free=117649Kb
 bounds [0x00007feccef7a000, 0x00007feccf1ea000, 0x00007fecd64b3000]
CodeHeap 'profiled nmethods': size=120032Kb used=13754Kb max_used=13754Kb free=106277Kb
 bounds [0x00007fecc7a42000, 0x00007fecc87b2000, 0x00007feccef7a000]
CodeHeap 'non-nmethods': size=5692Kb used=1355Kb max_used=1375Kb free=4336Kb
 bounds [0x00007fecc74b3000, 0x00007fecc7723000, 0x00007fecc7a42000]
 total_blobs=6666 nmethods=5985 adapters=592
 compilation: enabled
              stopped_count=0, restarted_count=0
 full_count=0

JVMCI Events (20 events):
Event: 62.167 Thread 0x00007fece00b2210 destroyed JavaVM[1]@0x00007fec8fa9e340 for JVMCI runtime 0
Event: 62.167 Thread 0x00007fece00b2210 compacted oop handles in JVMCI runtime 0 from 85 to 85
Event: 62.167 Thread 0x00007fece00b2210 releasing handles for JVMCI runtime 0: oop handles=85, metadata handles={total=1088, live=1026, blocks=34}
Event: 62.167 Thread 0x00007fece00b2210 detached from JVMCI runtime 0
Event: 360.885 Thread 0x00007fece00b2210 attached to JVMCI runtime 0
Event: 360.886 Thread 0x00007fece00b2210 created JavaVM[2]@0x00007fec8db9e340 for JVMCI runtime 0
Event: 360.886 Thread 0x00007fece00b2210 initializing JVMCI runtime 0
Event: 360.886 Thread 0x00007fece00b2210 done waiting for JavaVM references initialization in JVMCI runtime 0
Event: 489.458 Thread 0x00007fece00b2210 initialized JVMCI runtime 0
Event: 505.442 Thread 0x00007fece00b2210 detaching from JVMCI runtime 0: releasing idle compiler thread (0 other threads still attached)
Event: 505.442 Thread 0x00007fece00b2210 shutting down HotSpotJVMCIRuntime for JVMCI runtime 0
Event: 505.442 Thread 0x00007fece00b2210 shut down JVMCI runtime 0
Event: 505.447 Thread 0x00007fece00b2210 destroyed JavaVM[2]@0x00007fec8db9e340 for JVMCI runtime 0
Event: 505.447 Thread 0x00007fece00b2210 compacted oop handles in JVMCI runtime 0 from 83 to 83
Event: 505.447 Thread 0x00007fece00b2210 releasing handles for JVMCI runtime 0: oop handles=83, metadata handles={total=128, live=125, blocks=34}
Event: 505.447 Thread 0x00007fece00b2210 detached from JVMCI runtime 0
Event: 639.476 Thread 0x00007fece00b2210 attached to JVMCI runtime 0
Event: 639.477 Thread 0x00007fece00b2210 created JavaVM[3]@0x00007fec8db9e340 for JVMCI runtime 0
Event: 640.779 Thread 0x00007fece00b2210 initializing JVMCI runtime 0
Event: 640.779 Thread 0x00007fece00b2210 done waiting for JavaVM references initialization in JVMCI runtime 0

Compilation events (20 events):
Event: 59.885 Thread 0x00007fece00b2210 nmethod 7049 0x00007feccf1ccd10 code [0x00007feccf1ccea0, 0x00007feccf1cd290]
Event: 264.070 Thread 0x00007fece00b3720 7059       3       java.util.concurrent.Executors$RunnableAdapter::call (14 bytes)
Event: 265.267 Thread 0x00007fece00b3720 nmethod 7059 0x00007fecc87ad690 code [0x00007fecc87ad840, 0x00007fecc87adb80]
Event: 323.335 Thread 0x00007fece00b3720 7060       3       jdk.internal.misc.Unsafe::putReferenceOpaque (9 bytes)
Event: 323.335 Thread 0x00007fece00b3720 nmethod 7060 0x00007fecc87adc90 code [0x00007fecc87ade20, 0x00007fecc87adf50]
Event: 356.784 Thread 0x00007fece00b3720 7061       3       java.util.concurrent.locks.LockSupport::setBlocker (12 bytes)
Event: 359.544 Thread 0x00007fece00b3720 nmethod 7061 0x00007fecc87ae010 code [0x00007fecc87ae1c0, 0x00007fecc87ae2e0]
Event: 360.885 Thread 0x00007fece00b2210 7062       4       org.eclipse.core.internal.resources.Resource::equals (66 bytes)
Event: 363.578 Thread 0x00007fece00b3720 7063       3       org.eclipse.core.runtime.SubMonitor::convert (83 bytes)
Event: 364.875 Thread 0x00007fece00b3720 nmethod 7063 0x00007fecc87ae390 code [0x00007fecc87ae620, 0x00007fecc87af9f0]
Event: 371.367 Thread 0x00007fece00b3720 7065       3       org.eclipse.core.internal.preferences.StringPool::add (59 bytes)
Event: 378.210 Thread 0x00007fece00b3720 nmethod 7065 0x00007fecc87afe90 code [0x00007fecc87b0080, 0x00007fecc87b0a50]
Event: 490.852 Thread 0x00007fece00b2210 nmethod 7062 0x00007feccf1cd590 code [0x00007feccf1cd760, 0x00007feccf1cda10]
Event: 490.852 Thread 0x00007fece00b2210 7064   !   4       java.util.Collections$SynchronizedMap::get (25 bytes)
Event: 503.390 Thread 0x00007fece00b3720 7066       3       java.util.concurrent.ThreadPoolExecutor::runStateAtLeast (11 bytes)
Event: 503.391 Thread 0x00007fece00b3720 nmethod 7066 0x00007fecc87b0c10 code [0x00007fecc87b0da0, 0x00007fecc87b0ef0]
Event: 503.413 Thread 0x00007fece00b2210 nmethod 7064 0x00007feccf1cdc10 code [0x00007feccf1cdec0, 0x00007feccf1ce5b0]
Event: 555.990 Thread 0x00007fece00b3720 7067       3       java.lang.Thread::checkAccess (14 bytes)
Event: 557.297 Thread 0x00007fece00b3720 nmethod 7067 0x00007fecc87b0f90 code [0x00007fecc87b1160, 0x00007fecc87b18c0]
Event: 639.476 Thread 0x00007fece00b2210 7068       4       jdk.internal.reflect.UTF8::utf8Length (81 bytes)

GC Heap History (20 events):
Event: 711.211 GC heap before
{Heap before GC invocations=628 (full 486):
 PSYoungGen      total 37888K, used 29183K [0x00000000f5580000, 0x00000000f8800000, 0x0000000100000000)
  eden space 29184K, 99% used [0x00000000f5580000,0x00000000f71ffff8,0x00000000f7200000)
  from space 8704K, 0% used [0x00000000f7f80000,0x00000000f7f80000,0x00000000f8800000)
  to   space 11264K, 0% used [0x00000000f7200000,0x00000000f7200000,0x00000000f7d00000)
 ParOldGen       total 349696K, used 349696K [0x00000000e0000000, 0x00000000f5580000, 0x00000000f5580000)
  object space 349696K, 100% used [0x00000000e0000000,0x00000000f5580000,0x00000000f5580000)
 Metaspace       used 50335K, committed 51200K, reserved 1097728K
  class space    used 5012K, committed 5376K, reserved 1048576K
}
Event: 712.469 GC heap after
{Heap after GC invocations=628 (full 486):
 PSYoungGen      total 40448K, used 29183K [0x00000000f5580000, 0x00000000f8800000, 0x0000000100000000)
  eden space 29184K, 99% used [0x00000000f5580000,0x00000000f71fff38,0x00000000f7200000)
  from space 11264K, 0% used [0x00000000f7200000,0x00000000f7200000,0x00000000f7d00000)
  to   space 8704K, 0% used [0x00000000f7f80000,0x00000000f7f80000,0x00000000f8800000)
 ParOldGen       total 349696K, used 349695K [0x00000000e0000000, 0x00000000f5580000, 0x00000000f5580000)
  object space 349696K, 99% used [0x00000000e0000000,0x00000000f557ffb8,0x00000000f5580000)
 Metaspace       used 50335K, committed 51200K, reserved 1097728K
  class space    used 5012K, committed 5376K, reserved 1048576K
}
Event: 712.470 GC heap before
{Heap before GC invocations=629 (full 487):
 PSYoungGen      total 40448K, used 29183K [0x00000000f5580000, 0x00000000f8800000, 0x0000000100000000)
  eden space 29184K, 99% used [0x00000000f5580000,0x00000000f71ffff8,0x00000000f7200000)
  from space 11264K, 0% used [0x00000000f7200000,0x00000000f7200000,0x00000000f7d00000)
  to   space 8704K, 0% used [0x00000000f7f80000,0x00000000f7f80000,0x00000000f8800000)
 ParOldGen       total 349696K, used 349695K [0x00000000e0000000, 0x00000000f5580000, 0x00000000f5580000)
  object space 349696K, 99% used [0x00000000e0000000,0x00000000f557ffb8,0x00000000f5580000)
 Metaspace       used 50335K, committed 51200K, reserved 1097728K
  class space    used 5012K, committed 5376K, reserved 1048576K
}
Event: 713.776 GC heap after
{Heap after GC invocations=629 (full 487):
 PSYoungGen      total 37888K, used 29183K [0x00000000f5580000, 0x00000000f8800000, 0x0000000100000000)
  eden space 29184K, 99% used [0x00000000f5580000,0x00000000f71ffff8,0x00000000f7200000)
  from space 8704K, 0% used [0x00000000f7f80000,0x00000000f7f80000,0x00000000f8800000)
  to   space 11264K, 0% used [0x00000000f7200000,0x00000000f7200000,0x00000000f7d00000)
 ParOldGen       total 349696K, used 349695K [0x00000000e0000000, 0x00000000f5580000, 0x00000000f5580000)
  object space 349696K, 99% used [0x00000000e0000000,0x00000000f557ff88,0x00000000f5580000)
 Metaspace       used 50335K, committed 51200K, reserved 1097728K
  class space    used 5012K, committed 5376K, reserved 1048576K
}
Event: 713.781 GC heap before
{Heap before GC invocations=630 (full 488):
 PSYoungGen      total 37888K, used 29183K [0x00000000f5580000, 0x00000000f8800000, 0x0000000100000000)
  eden space 29184K, 99% used [0x00000000f5580000,0x00000000f71ffff8,0x00000000f7200000)
  from space 8704K, 0% used [0x00000000f7f80000,0x00000000f7f80000,0x00000000f8800000)
  to   space 11264K, 0% used [0x00000000f7200000,0x00000000f7200000,0x00000000f7d00000)
 ParOldGen       total 349696K, used 349695K [0x00000000e0000000, 0x00000000f5580000, 0x00000000f5580000)
  object space 349696K, 99% used [0x00000000e0000000,0x00000000f557ffa0,0x00000000f5580000)
 Metaspace       used 50335K, committed 51200K, reserved 1097728K
  class space    used 5012K, committed 5376K, reserved 1048576K
}
Event: 715.092 GC heap after
{Heap after GC invocations=630 (full 488):
 PSYoungGen      total 40448K, used 29183K [0x00000000f5580000, 0x00000000f8800000, 0x0000000100000000)
  eden space 29184K, 99% used [0x00000000f5580000,0x00000000f71ffff8,0x00000000f7200000)
  from space 11264K, 0% used [0x00000000f7200000,0x00000000f7200000,0x00000000f7d00000)
  to   space 8704K, 0% used [0x00000000f7f80000,0x00000000f7f80000,0x00000000f8800000)
 ParOldGen       total 349696K, used 349695K [0x00000000e0000000, 0x00000000f5580000, 0x00000000f5580000)
  object space 349696K, 99% used [0x00000000e0000000,0x00000000f557ff80,0x00000000f5580000)
 Metaspace       used 50335K, committed 51200K, reserved 1097728K
  class space    used 5012K, committed 5376K, reserved 1048576K
}
Event: 715.093 GC heap before
{Heap before GC invocations=631 (full 489):
 PSYoungGen      total 40448K, used 29183K [0x00000000f5580000, 0x00000000f8800000, 0x0000000100000000)
  eden space 29184K, 99% used [0x00000000f5580000,0x00000000f71ffff8,0x00000000f7200000)
  from space 11264K, 0% used [0x00000000f7200000,0x00000000f7200000,0x00000000f7d00000)
  to   space 8704K, 0% used [0x00000000f7f80000,0x00000000f7f80000,0x00000000f8800000)
 ParOldGen       total 349696K, used 349696K [0x00000000e0000000, 0x00000000f5580000, 0x00000000f5580000)
  object space 349696K, 100% used [0x00000000e0000000,0x00000000f5580000,0x00000000f5580000)
 Metaspace       used 50335K, committed 51200K, reserved 1097728K
  class space    used 5012K, committed 5376K, reserved 1048576K
}
Event: 716.448 GC heap after
{Heap after GC invocations=631 (full 489):
 PSYoungGen      total 37888K, used 29183K [0x00000000f5580000, 0x00000000f8800000, 0x0000000100000000)
  eden space 29184K, 99% used [0x00000000f5580000,0x00000000f71ffff8,0x00000000f7200000)
  from space 8704K, 0% used [0x00000000f7f80000,0x00000000f7f80000,0x00000000f8800000)
  to   space 11264K, 0% used [0x00000000f7200000,0x00000000f7200000,0x00000000f7d00000)
 ParOldGen       total 349696K, used 349695K [0x00000000e0000000, 0x00000000f5580000, 0x00000000f5580000)
  object space 349696K, 99% used [0x00000000e0000000,0x00000000f557ffd0,0x00000000f5580000)
 Metaspace       used 50335K, committed 51200K, reserved 1097728K
  class space    used 5012K, committed 5376K, reserved 1048576K
}
Event: 716.456 GC heap before
{Heap before GC invocations=632 (full 490):
 PSYoungGen      total 37888K, used 29183K [0x00000000f5580000, 0x00000000f8800000, 0x0000000100000000)
  eden space 29184K, 99% used [0x00000000f5580000,0x00000000f71ffff8,0x00000000f7200000)
  from space 8704K, 0% used [0x00000000f7f80000,0x00000000f7f80000,0x00000000f8800000)
  to   space 11264K, 0% used [0x00000000f7200000,0x00000000f7200000,0x00000000f7d00000)
 ParOldGen       total 349696K, used 349696K [0x00000000e0000000, 0x00000000f5580000, 0x00000000f5580000)
  object space 349696K, 100% used [0x00000000e0000000,0x00000000f5580000,0x00000000f5580000)
 Metaspace       used 50335K, committed 51200K, reserved 1097728K
  class space    used 5012K, committed 5376K, reserved 1048576K
}
Event: 717.601 GC heap after
{Heap after GC invocations=632 (full 490):
 PSYoungGen      total 40448K, used 29183K [0x00000000f5580000, 0x00000000f8800000, 0x0000000100000000)
  eden space 29184K, 99% used [0x00000000f5580000,0x00000000f71ffff8,0x00000000f7200000)
  from space 11264K, 0% used [0x00000000f7200000,0x00000000f7200000,0x00000000f7d00000)
  to   space 8704K, 0% used [0x00000000f7f80000,0x00000000f7f80000,0x00000000f8800000)
 ParOldGen       total 349696K, used 349695K [0x00000000e0000000, 0x00000000f5580000, 0x00000000f5580000)
  object space 349696K, 99% used [0x00000000e0000000,0x00000000f557ffe8,0x00000000f5580000)
 Metaspace       used 50335K, committed 51200K, reserved 1097728K
  class space    used 5012K, committed 5376K, reserved 1048576K
}
Event: 717.602 GC heap before
{Heap before GC invocations=633 (full 491):
 PSYoungGen      total 40448K, used 29183K [0x00000000f5580000, 0x00000000f8800000, 0x0000000100000000)
  eden space 29184K, 99% used [0x00000000f5580000,0x00000000f71ffff8,0x00000000f7200000)
  from space 11264K, 0% used [0x00000000f7200000,0x00000000f7200000,0x00000000f7d00000)
  to   space 8704K, 0% used [0x00000000f7f80000,0x00000000f7f80000,0x00000000f8800000)
 ParOldGen       total 349696K, used 349696K [0x00000000e0000000, 0x00000000f5580000, 0x00000000f5580000)
  object space 349696K, 100% used [0x00000000e0000000,0x00000000f5580000,0x00000000f5580000)
 Metaspace       used 50335K, committed 51200K, reserved 1097728K
  class space    used 5012K, committed 5376K, reserved 1048576K
}
Event: 718.862 GC heap after
{Heap after GC invocations=633 (full 491):
 PSYoungGen      total 37888K, used 29183K [0x00000000f5580000, 0x00000000f8800000, 0x0000000100000000)
  eden space 29184K, 99% used [0x00000000f5580000,0x00000000f71ffff8,0x00000000f7200000)
  from space 8704K, 0% used [0x00000000f7f80000,0x00000000f7f80000,0x00000000f8800000)
  to   space 11264K, 0% used [0x00000000f7200000,0x00000000f7200000,0x00000000f7d00000)
 ParOldGen       total 349696K, used 349696K [0x00000000e0000000, 0x00000000f5580000, 0x00000000f5580000)
  object space 349696K, 100% used [0x00000000e0000000,0x00000000f5580000,0x00000000f5580000)
 Metaspace       used 50335K, committed 51200K, reserved 1097728K
  class space    used 5012K, committed 5376K, reserved 1048576K
}
Event: 718.862 GC heap before
{Heap before GC invocations=634 (full 492):
 PSYoungGen      total 37888K, used 29183K [0x00000000f5580000, 0x00000000f8800000, 0x0000000100000000)
  eden space 29184K, 99% used [0x00000000f5580000,0x00000000f71ffff8,0x00000000f7200000)
  from space 8704K, 0% used [0x00000000f7f80000,0x00000000f7f80000,0x00000000f8800000)
  to   space 11264K, 0% used [0x00000000f7200000,0x00000000f7200000,0x00000000f7d00000)
 ParOldGen       total 349696K, used 349696K [0x00000000e0000000, 0x00000000f5580000, 0x00000000f5580000)
  object space 349696K, 100% used [0x00000000e0000000,0x00000000f5580000,0x00000000f5580000)
 Metaspace       used 50335K, committed 51200K, reserved 1097728K
  class space    used 5012K, committed 5376K, reserved 1048576K
}
Event: 720.083 GC heap after
{Heap after GC invocations=634 (full 492):
 PSYoungGen      total 40448K, used 29183K [0x00000000f5580000, 0x00000000f8800000, 0x0000000100000000)
  eden space 29184K, 99% used [0x00000000f5580000,0x00000000f71ffff8,0x00000000f7200000)
  from space 11264K, 0% used [0x00000000f7200000,0x00000000f7200000,0x00000000f7d00000)
  to   space 8704K, 0% used [0x00000000f7f80000,0x00000000f7f80000,0x00000000f8800000)
 ParOldGen       total 349696K, used 349696K [0x00000000e0000000, 0x00000000f5580000, 0x00000000f5580000)
  object space 349696K, 100% used [0x00000000e0000000,0x00000000f5580000,0x00000000f5580000)
 Metaspace       used 50335K, committed 51200K, reserved 1097728K
  class space    used 5012K, committed 5376K, reserved 1048576K
}
Event: 720.085 GC heap before
{Heap before GC invocations=635 (full 493):
 PSYoungGen      total 40448K, used 29183K [0x00000000f5580000, 0x00000000f8800000, 0x0000000100000000)
  eden space 29184K, 99% used [0x00000000f5580000,0x00000000f71ffff8,0x00000000f7200000)
  from space 11264K, 0% used [0x00000000f7200000,0x00000000f7200000,0x00000000f7d00000)
  to   space 8704K, 0% used [0x00000000f7f80000,0x00000000f7f80000,0x00000000f8800000)
 ParOldGen       total 349696K, used 349696K [0x00000000e0000000, 0x00000000f5580000, 0x00000000f5580000)
  object space 349696K, 100% used [0x00000000e0000000,0x00000000f5580000,0x00000000f5580000)
 Metaspace       used 50335K, committed 51200K, reserved 1097728K
  class space    used 5012K, committed 5376K, reserved 1048576K
}
Event: 721.532 GC heap after
{Heap after GC invocations=635 (full 493):
 PSYoungGen      total 37888K, used 29183K [0x00000000f5580000, 0x00000000f8800000, 0x0000000100000000)
  eden space 29184K, 99% used [0x00000000f5580000,0x00000000f71ffff8,0x00000000f7200000)
  from space 8704K, 0% used [0x00000000f7f80000,0x00000000f7f80000,0x00000000f8800000)
  to   space 11264K, 0% used [0x00000000f7200000,0x00000000f7200000,0x00000000f7d00000)
 ParOldGen       total 349696K, used 349694K [0x00000000e0000000, 0x00000000f5580000, 0x00000000f5580000)
  object space 349696K, 99% used [0x00000000e0000000,0x00000000f557fa60,0x00000000f5580000)
 Metaspace       used 50335K, committed 51200K, reserved 1097728K
  class space    used 5012K, committed 5376K, reserved 1048576K
}
Event: 721.533 GC heap before
{Heap before GC invocations=636 (full 494):
 PSYoungGen      total 37888K, used 29183K [0x00000000f5580000, 0x00000000f8800000, 0x0000000100000000)
  eden space 29184K, 99% used [0x00000000f5580000,0x00000000f71ffff8,0x00000000f7200000)
  from space 8704K, 0% used [0x00000000f7f80000,0x00000000f7f80000,0x00000000f8800000)
  to   space 11264K, 0% used [0x00000000f7200000,0x00000000f7200000,0x00000000f7d00000)
 ParOldGen       total 349696K, used 349695K [0x00000000e0000000, 0x00000000f5580000, 0x00000000f5580000)
  object space 349696K, 99% used [0x00000000e0000000,0x00000000f557ffb0,0x00000000f5580000)
 Metaspace       used 50335K, committed 51200K, reserved 1097728K
  class space    used 5012K, committed 5376K, reserved 1048576K
}
Event: 722.867 GC heap after
{Heap after GC invocations=636 (full 494):
 PSYoungGen      total 40448K, used 29183K [0x00000000f5580000, 0x00000000f8800000, 0x0000000100000000)
  eden space 29184K, 99% used [0x00000000f5580000,0x00000000f71fffc8,0x00000000f7200000)
  from space 11264K, 0% used [0x00000000f7200000,0x00000000f7200000,0x00000000f7d00000)
  to   space 8704K, 0% used [0x00000000f7f80000,0x00000000f7f80000,0x00000000f8800000)
 ParOldGen       total 349696K, used 349695K [0x00000000e0000000, 0x00000000f5580000, 0x00000000f5580000)
  object space 349696K, 99% used [0x00000000e0000000,0x00000000f557fe28,0x00000000f5580000)
 Metaspace       used 50335K, committed 51200K, reserved 1097728K
  class space    used 5012K, committed 5376K, reserved 1048576K
}
Event: 722.867 GC heap before
{Heap before GC invocations=637 (full 495):
 PSYoungGen      total 40448K, used 29183K [0x00000000f5580000, 0x00000000f8800000, 0x0000000100000000)
  eden space 29184K, 99% used [0x00000000f5580000,0x00000000f71fffc8,0x00000000f7200000)
  from space 11264K, 0% used [0x00000000f7200000,0x00000000f7200000,0x00000000f7d00000)
  to   space 8704K, 0% used [0x00000000f7f80000,0x00000000f7f80000,0x00000000f8800000)
 ParOldGen       total 349696K, used 349695K [0x00000000e0000000, 0x00000000f5580000, 0x00000000f5580000)
  object space 349696K, 99% used [0x00000000e0000000,0x00000000f557fe28,0x00000000f5580000)
 Metaspace       used 50335K, committed 51200K, reserved 1097728K
  class space    used 5012K, committed 5376K, reserved 1048576K
}
Event: 724.203 GC heap after
{Heap after GC invocations=637 (full 495):
 PSYoungGen      total 37888K, used 29183K [0x00000000f5580000, 0x00000000f8800000, 0x0000000100000000)
  eden space 29184K, 99% used [0x00000000f5580000,0x00000000f71fffc8,0x00000000f7200000)
  from space 8704K, 0% used [0x00000000f7f80000,0x00000000f7f80000,0x00000000f8800000)
  to   space 11264K, 0% used [0x00000000f7200000,0x00000000f7200000,0x00000000f7d00000)
 ParOldGen       total 349696K, used 349695K [0x00000000e0000000, 0x00000000f5580000, 0x00000000f5580000)
  object space 349696K, 99% used [0x00000000e0000000,0x00000000f557fe28,0x00000000f5580000)
 Metaspace       used 50335K, committed 51200K, reserved 1097728K
  class space    used 5012K, committed 5376K, reserved 1048576K
}

Dll operation events (9 events):
Event: 0.002 Loaded shared library /nix/store/gpxl5qgg8kicmcvivwmybwjlpf7wh20l-graalvm17-ce-22.3.0/lib/libjava.so
Event: 0.009 Loaded shared library /nix/store/gpxl5qgg8kicmcvivwmybwjlpf7wh20l-graalvm17-ce-22.3.0/lib/libjsvml.so
Event: 0.206 Loaded shared library /nix/store/gpxl5qgg8kicmcvivwmybwjlpf7wh20l-graalvm17-ce-22.3.0/lib/libnio.so
Event: 0.211 Loaded shared library /nix/store/gpxl5qgg8kicmcvivwmybwjlpf7wh20l-graalvm17-ce-22.3.0/lib/libzip.so
Event: 0.221 Loaded shared library /nix/store/gpxl5qgg8kicmcvivwmybwjlpf7wh20l-graalvm17-ce-22.3.0/lib/libjvmcicompiler.so
Event: 0.601 Loaded shared library /nix/store/gpxl5qgg8kicmcvivwmybwjlpf7wh20l-graalvm17-ce-22.3.0/lib/libjimage.so
Event: 1.179 Loaded shared library /nix/store/gpxl5qgg8kicmcvivwmybwjlpf7wh20l-graalvm17-ce-22.3.0/lib/libnet.so
Event: 5.068 Loaded shared library /home/runner/.cache/jdt-language-server/config/org.eclipse.equinox.launcher/org.eclipse.equinox.launcher.gtk.linux.x86_64_1.2.400.v20211117-0650/eclipse_11600.so
Event: 13.671 Loaded shared library /nix/store/gpxl5qgg8kicmcvivwmybwjlpf7wh20l-graalvm17-ce-22.3.0/lib/libextnet.so

Deoptimization events (20 events):
Event: 59.859 Thread 0x00007fec78484d90 DEOPT PACKING pc=0x00007fecc87ace85 sp=0x00007fecc43fe530
Event: 59.859 Thread 0x00007fec78484d90 DEOPT UNPACKING pc=0x00007fecc7505325 sp=0x00007fecc43fda20 mode 0
Event: 59.861 Thread 0x00007fec78484d90 DEOPT PACKING pc=0x00007fecc87ace85 sp=0x00007fecc43fe530
Event: 59.861 Thread 0x00007fec78484d90 DEOPT UNPACKING pc=0x00007fecc7505325 sp=0x00007fecc43fda20 mode 0
Event: 59.863 Thread 0x00007fec78484d90 DEOPT PACKING pc=0x00007fecc87ace85 sp=0x00007fecc43fe530
Event: 59.863 Thread 0x00007fec78484d90 DEOPT UNPACKING pc=0x00007fecc7505325 sp=0x00007fecc43fda20 mode 0
Event: 59.877 Thread 0x00007fec78484d90 DEOPT PACKING pc=0x00007fecc87ace85 sp=0x00007fecc43fe530
Event: 59.878 Thread 0x00007fec78484d90 DEOPT UNPACKING pc=0x00007fecc7505325 sp=0x00007fecc43fda20 mode 0
Event: 436.613 Thread 0x00007fece00b2210 Uncommon trap: trap_request=0xffffffed fr.pc=0x00007feccf14c78a relative=0x000000000000084a
Event: 436.613 Thread 0x00007fece00b2210 Uncommon trap: reason=null_assert_or_unreached0 action=reinterpret pc=0x00007feccf14c78a method=java.io.DataOutputStream.writeUTF(Ljava/lang/String;Ljava/io/DataOutput;)I @ 59 jvmci
Event: 436.613 Thread 0x00007fece00b2210 DEOPT PACKING pc=0x00007feccf14c78a sp=0x00007fece4c18020
Event: 436.613 Thread 0x00007fece00b2210 DEOPT UNPACKING pc=0x00007fecc7505325 sp=0x00007fece4c17440 mode 3
Event: 709.683 Thread 0x00007fec78484d90 Uncommon trap: trap_request=0xffffff8f fr.pc=0x00007feccf1cc189 relative=0x00000000000011c9
Event: 709.683 Thread 0x00007fec78484d90 Uncommon trap: reason=constraint action=none pc=0x00007feccf1cc189 method=org.eclipse.jdt.internal.core.index.DiskIndex.copyQueryResults(Lorg/eclipse/jdt/internal/compiler/util/HashtableOfObject;I)V @ 123 jvmci
Event: 709.683 Thread 0x00007fec78484d90 DEOPT PACKING pc=0x00007feccf1cc189 sp=0x00007fecc43fe530
Event: 709.683 Thread 0x00007fec78484d90 DEOPT UNPACKING pc=0x00007fecc7505325 sp=0x00007fecc43fda28 mode 3
Event: 720.084 Thread 0x00007fec78484d90 Uncommon trap: trap_request=0xffffff8f fr.pc=0x00007feccf1cc189 relative=0x00000000000011c9
Event: 720.084 Thread 0x00007fec78484d90 Uncommon trap: reason=constraint action=none pc=0x00007feccf1cc189 method=org.eclipse.jdt.internal.core.index.DiskIndex.copyQueryResults(Lorg/eclipse/jdt/internal/compiler/util/HashtableOfObject;I)V @ 123 jvmci
Event: 720.084 Thread 0x00007fec78484d90 DEOPT PACKING pc=0x00007feccf1cc189 sp=0x00007fecc43fe530
Event: 720.084 Thread 0x00007fec78484d90 DEOPT UNPACKING pc=0x00007fecc7505325 sp=0x00007fecc43fda28 mode 3

Classes unloaded (20 events):
Event: 152.297 Thread 0x00007fece00a1c10 Unloading class 0x0000000801054c00 'java/lang/invoke/LambdaForm$MH+0x0000000801054c00'
Event: 152.297 Thread 0x00007fece00a1c10 Unloading class 0x0000000801054800 'java/lang/invoke/LambdaForm$MH+0x0000000801054800'
Event: 152.297 Thread 0x00007fece00a1c10 Unloading class 0x0000000801054400 'java/lang/invoke/LambdaForm$MH+0x0000000801054400'
Event: 152.297 Thread 0x00007fece00a1c10 Unloading class 0x0000000800ee8000 'jdk/internal/reflect/GeneratedConstructorAccessor12'
Event: 152.298 Thread 0x00007fece00a1c10 Unloading class 0x0000000800ee4800 'jdk/internal/reflect/GeneratedConstructorAccessor10'
Event: 152.298 Thread 0x00007fece00a1c10 Unloading class 0x0000000800ee4400 'jdk/internal/reflect/GeneratedConstructorAccessor9'
Event: 152.298 Thread 0x00007fece00a1c10 Unloading class 0x0000000800ee4000 'jdk/internal/reflect/GeneratedConstructorAccessor8'
Event: 152.298 Thread 0x00007fece00a1c10 Unloading class 0x0000000800d99000 'java/lang/invoke/LambdaForm$MH+0x0000000800d99000'
Event: 152.298 Thread 0x00007fece00a1c10 Unloading class 0x0000000800d98c00 'java/lang/invoke/LambdaForm$MH+0x0000000800d98c00'
Event: 152.298 Thread 0x00007fece00a1c10 Unloading class 0x0000000800d98800 'java/lang/invoke/LambdaForm$MH+0x0000000800d98800'
Event: 152.298 Thread 0x00007fece00a1c10 Unloading class 0x0000000800d98400 'java/lang/invoke/LambdaForm$MH+0x0000000800d98400'
Event: 152.298 Thread 0x00007fece00a1c10 Unloading class 0x0000000800d98000 'jdk/internal/reflect/GeneratedConstructorAccessor3'
Event: 152.298 Thread 0x00007fece00a1c10 Unloading class 0x0000000800d06800 'java/lang/invoke/LambdaForm$MH+0x0000000800d06800'
Event: 152.298 Thread 0x00007fece00a1c10 Unloading class 0x0000000800d06000 'java/lang/invoke/LambdaForm$MH+0x0000000800d06000'
Event: 152.298 Thread 0x00007fece00a1c10 Unloading class 0x0000000800d05c00 'java/lang/invoke/LambdaForm$MH+0x0000000800d05c00'
Event: 152.298 Thread 0x00007fece00a1c10 Unloading class 0x0000000800d05800 'java/lang/invoke/LambdaForm$MH+0x0000000800d05800'
Event: 152.298 Thread 0x00007fece00a1c10 Unloading class 0x0000000800d05000 'java/lang/invoke/LambdaForm$MH+0x0000000800d05000'
Event: 152.298 Thread 0x00007fece00a1c10 Unloading class 0x0000000800d04c00 'java/lang/invoke/LambdaForm$MH+0x0000000800d04c00'
Event: 152.298 Thread 0x00007fece00a1c10 Unloading class 0x0000000800d04800 'java/lang/invoke/LambdaForm$MH+0x0000000800d04800'
Event: 152.298 Thread 0x00007fece00a1c10 Unloading class 0x0000000800d04000 'java/lang/invoke/LambdaForm$MH+0x0000000800d04000'

Classes redefined (0 events):
No events

Internal exceptions (20 events):
Event: 29.466 Thread 0x00007fec68007440 Exception <a 'sun/nio/fs/UnixException'{0x00000000f5814940}> (0x00000000f5814940) 
thrown [src/hotspot/share/prims/jni.cpp, line 516]
Event: 29.466 Thread 0x00007fec68007440 Exception <a 'sun/nio/fs/UnixException'{0x00000000f58156c8}> (0x00000000f58156c8) 
thrown [src/hotspot/share/prims/jni.cpp, line 516]
Event: 29.467 Thread 0x00007fec68007440 Exception <a 'sun/nio/fs/UnixException'{0x00000000f581f060}> (0x00000000f581f060) 
thrown [src/hotspot/share/prims/jni.cpp, line 516]
Event: 29.468 Thread 0x00007fec68007440 Exception <a 'sun/nio/fs/UnixException'{0x00000000f5849618}> (0x00000000f5849618) 
thrown [src/hotspot/share/prims/jni.cpp, line 516]
Event: 29.470 Thread 0x00007fec68007440 Exception <a 'sun/nio/fs/UnixException'{0x00000000f584a438}> (0x00000000f584a438) 
thrown [src/hotspot/share/prims/jni.cpp, line 516]
Event: 30.176 Thread 0x00007fec68007440 Exception <a 'sun/nio/fs/UnixException'{0x00000000f59627c0}> (0x00000000f59627c0) 
thrown [src/hotspot/share/prims/jni.cpp, line 516]
Event: 31.158 Thread 0x00007fec68007440 Exception <a 'sun/nio/fs/UnixException'{0x00000000f5d22a90}> (0x00000000f5d22a90) 
thrown [src/hotspot/share/prims/jni.cpp, line 516]
Event: 32.354 Thread 0x00007fec84001b20 Exception <a 'java/lang/NoSuchMethodError'{0x00000000f58c1208}: 'int java.lang.invoke.DirectMethodHandle$Holder.invokeStatic(java.lang.Object, java.lang.Object, java.lang.Object, int)'> (0x00000000f58c1208) 
thrown [src/hotspot/share/interpreter/linkResolver.cpp, line 758]
Event: 34.768 Thread 0x00007fec680010d0 Exception <a 'java/lang/NoSuchMethodError'{0x00000000f55bf6a0}: 'java.lang.Object java.lang.invoke.DirectMethodHandle$Holder.newInvokeSpecial(java.lang.Object, java.lang.Object, java.lang.Object, int, java.lang.Object)'> (0x00000000f55bf6a0) 
thrown [src/hotspot/share/interpreter/linkResolver.cpp, line 758]
Event: 34.768 Thread 0x00007fec680010d0 Exception <a 'java/lang/NoSuchMethodError'{0x00000000f55c4388}: 'java.lang.Object java.lang.invoke.DirectMethodHandle$Holder.invokeSpecial(java.lang.Object, java.lang.Object, java.lang.Object, java.lang.Object, int, java.lang.Object)'> (0x00000000f55c4388) 
thrown [src/hotspot/share/interpreter/linkResolver.cpp, line 758]
Event: 34.768 Thread 0x00007fec680010d0 Exception <a 'java/lang/NoSuchMethodError'{0x00000000f55c8ac0}: 'java.lang.Object java.lang.invoke.Invokers$Holder.linkToTargetMethod(java.lang.Object, java.lang.Object, int, java.lang.Object, java.lang.Object)'> (0x00000000f55c8ac0) 
thrown [src/hotspot/share/interpreter/linkResolver.cpp, line 758]
Event: 34.854 Thread 0x00007fec680010d0 Exception <a 'java/lang/NoSuchMethodError'{0x00000000f5819810}: 'java.lang.Object java.lang.invoke.DirectMethodHandle$Holder.invokeStatic(java.lang.Object, java.lang.Object, int, java.lang.Object)'> (0x00000000f5819810) 
thrown [src/hotspot/share/interpreter/linkResolver.cpp, line 758]
Event: 34.861 Thread 0x00007fec680010d0 Exception <a 'java/lang/NoSuchMethodError'{0x00000000f58d0e98}: 'java.lang.Object java.lang.invoke.DirectMethodHandle$Holder.newInvokeSpecial(java.lang.Object, java.lang.Object, int)'> (0x00000000f58d0e98) 
thrown [src/hotspot/share/interpreter/linkResolver.cpp, line 758]
Event: 46.285 Thread 0x00007fec78484d90 Implicit null exception at 0x00007feccf16b4a9 to 0x00007feccf16b902
Event: 436.613 Thread 0x00007fece00b2210 Implicit null exception at 0x00007feccf14c076 to 0x00007feccf14c76f
Event: 709.683 Thread 0x00007fec78484d90 Exception <a 'java/lang/OutOfMemoryError'{0x00000000e00103c0}> (0x00000000e00103c0) 
thrown [src/hotspot/share/gc/shared/memAllocator.cpp, line 138]
Event: 709.683 Thread 0x00007fec78484d90 Implicit null exception at 0x00007feccf1cbbd3 to 0x00007feccf1cc16e
Event: 720.084 Thread 0x00007fec78484d90 Exception <a 'java/lang/OutOfMemoryError'{0x00000000e000fe20}> (0x00000000e000fe20) 
thrown [src/hotspot/share/gc/shared/memAllocator.cpp, line 138]
Event: 720.084 Thread 0x00007fec78484d90 Implicit null exception at 0x00007feccf1cbbd3 to 0x00007feccf1cc16e
Event: 724.204 Thread 0x00007fece00b2210 Exception <a 'java/lang/OutOfMemoryError'{0x00000000e000fba0}> (0x00000000e000fba0) 
thrown [src/hotspot/share/gc/shared/memAllocator.cpp, line 136]

VM Operations (20 events):
Event: 707.109 Executing VM operation: ParallelGCFailedAllocation
Event: 709.682 Executing VM operation: ParallelGCFailedAllocation done
Event: 709.686 Executing VM operation: ParallelGCFailedAllocation
Event: 711.207 Executing VM operation: ParallelGCFailedAllocation done
Event: 711.209 Executing VM operation: ParallelGCFailedAllocation
Event: 712.470 Executing VM operation: ParallelGCFailedAllocation done
Event: 712.470 Executing VM operation: ParallelGCFailedAllocation
Event: 713.776 Executing VM operation: ParallelGCFailedAllocation done
Event: 713.781 Executing VM operation: ParallelGCFailedAllocation
Event: 715.092 Executing VM operation: ParallelGCFailedAllocation done
Event: 715.092 Executing VM operation: ParallelGCFailedAllocation
Event: 716.448 Executing VM operation: ParallelGCFailedAllocation done
Event: 716.448 Executing VM operation: ParallelGCFailedAllocation
Event: 717.601 Executing VM operation: ParallelGCFailedAllocation done
Event: 717.602 Executing VM operation: ParallelGCFailedAllocation
Event: 720.083 Executing VM operation: ParallelGCFailedAllocation done
Event: 720.084 Executing VM operation: ParallelGCFailedAllocation
Event: 721.533 Executing VM operation: ParallelGCFailedAllocation done
Event: 721.533 Executing VM operation: ParallelGCFailedAllocation
Event: 724.204 Executing VM operation: ParallelGCFailedAllocation done

Events (20 events):
Event: 31.159 Thread 0x00007fec683234f0 Thread exited: 0x00007fec683234f0
Event: 31.364 loading class jdk/internal/reflect/UnsafeQualifiedStaticIntegerFieldAccessorImpl
Event: 31.364 loading class jdk/internal/reflect/UnsafeQualifiedStaticIntegerFieldAccessorImpl done
Event: 33.980 loading class java/util/concurrent/locks/ReentrantReadWriteLock$Sync$HoldCounter
Event: 33.981 loading class java/util/concurrent/locks/ReentrantReadWriteLock$Sync$HoldCounter done
Event: 34.774 loading class java/util/concurrent/ConcurrentHashMap$TreeBin
Event: 34.774 loading class java/util/concurrent/ConcurrentHashMap$TreeBin done
Event: 45.359 Thread 0x00007fece00b4b70 flushing nmethod 0x00007fecc839d210
Event: 45.385 Thread 0x00007fece00b4b70 flushing nmethod 0x00007fecc8518b90
Event: 62.167 Thread 0x00007fece01f5bf0 Thread exited: 0x00007fece01f5bf0
Event: 92.980 Thread 0x00007fec68007440 Thread exited: 0x00007fec68007440
Event: 105.446 Thread 0x00007fec78842770 Thread exited: 0x00007fec78842770
Event: 116.004 Thread 0x000055ab25d8f9f0 Thread exited: 0x000055ab25d8f9f0
Event: 116.004 Thread 0x000055ab25de7fa0 Thread exited: 0x000055ab25de7fa0
Event: 149.853 Thread 0x00007fec680010d0 Thread exited: 0x00007fec680010d0
Event: 318.710 Thread 0x00007fec94063040 Thread added: 0x00007fec94063040
Event: 318.710 Protecting memory [0x00007fecc4700000,0x00007fecc4704000] with protection modes 0
Event: 510.596 Thread 0x00007fec88003870 Thread added: 0x00007fec88003870
Event: 510.596 Protecting memory [0x00007fec8e300000,0x00007fec8e304000] with protection modes 0
Event: 557.296 Thread 0x00007fec88003870 Thread exited: 0x00007fec88003870


Dynamic libraries:
e0000000-f5580000 rw-p 00000000 00:00 0 
f5580000-f8800000 rw-p 00000000 00:00 0 
f8800000-100000000 ---p 00000000 00:00 0 
800000000-800449000 rw-p 00001000 00:1fe1 9223372037562745673            /nix/store/gpxl5qgg8kicmcvivwmybwjlpf7wh20l-graalvm17-ce-22.3.0/lib/server/classes.jsa
800449000-800bc8000 r--p 0044a000 00:1fe1 9223372037562745673            /nix/store/gpxl5qgg8kicmcvivwmybwjlpf7wh20l-graalvm17-ce-22.3.0/lib/server/classes.jsa
800bc8000-800c00000 ---p 00000000 00:00 0 
800c00000-800c20000 rw-p 00000000 00:00 0 
800c20000-800c40000 rw-p 00000000 00:00 0 
800c40000-800cc0000 rw-p 00000000 00:00 0 
800cc0000-800d00000 rw-p 00000000 00:00 0 
800d00000-800dc0000 rw-p 00000000 00:00 0 
800dc0000-800e00000 rw-p 00000000 00:00 0 
800e00000-800f40000 rw-p 00000000 00:00 0 
800f40000-800fc0000 rw-p 00000000 00:00 0 
800fc0000-800ff0000 rw-p 00000000 00:00 0 
800ff0000-801000000 ---p 00000000 00:00 0 
801000000-801150000 rw-p 00000000 00:00 0 
801150000-840c00000 ---p 00000000 00:00 0 
55ab24075000-55ab24076000 r-xp 00000000 00:1fe1 9223372037526805748      /nix/store/gpxl5qgg8kicmcvivwmybwjlpf7wh20l-graalvm17-ce-22.3.0/bin/.java-wrapped
55ab24077000-55ab24078000 r--p 00001000 00:1fe1 9223372037526805748      /nix/store/gpxl5qgg8kicmcvivwmybwjlpf7wh20l-graalvm17-ce-22.3.0/bin/.java-wrapped
55ab24078000-55ab24079000 rw-p 00002000 00:1fe1 9223372037526805748      /nix/store/gpxl5qgg8kicmcvivwmybwjlpf7wh20l-graalvm17-ce-22.3.0/bin/.java-wrapped
55ab24079000-55ab2407a000 rw-p 00004000 00:1fe1 9223372037526805748      /nix/store/gpxl5qgg8kicmcvivwmybwjlpf7wh20l-graalvm17-ce-22.3.0/bin/.java-wrapped
55ab2407a000-55ab2407b000 rw-p 00005000 00:1fe1 9223372037526805748      /nix/store/gpxl5qgg8kicmcvivwmybwjlpf7wh20l-graalvm17-ce-22.3.0/bin/.java-wrapped
55ab25d67000-55ab25ea3000 rw-p 00000000 00:00 0                          [heap]
7fec5a4b3000-7fec64000000 r--s 00000000 00:1fe1 9223372037562580485      /nix/store/gpxl5qgg8kicmcvivwmybwjlpf7wh20l-graalvm17-ce-22.3.0/lib/modules
7fec64000000-7fec64056000 rw-p 00000000 00:00 0 
7fec64056000-7fec68000000 ---p 00000000 00:00 0 
7fec68000000-7fec6833c000 rw-p 00000000 00:00 0 
7fec6833c000-7fec6c000000 ---p 00000000 00:00 0 
7fec6c000000-7fec6c021000 rw-p 00000000 00:00 0 
7fec6c021000-7fec70000000 ---p 00000000 00:00 0 
7fec70000000-7fec70021000 rw-p 00000000 00:00 0 
7fec70021000-7fec74000000 ---p 00000000 00:00 0 
7fec74000000-7fec74161000 rw-p 00000000 00:00 0 
7fec74161000-7fec78000000 ---p 00000000 00:00 0 
7fec78000000-7fec7898e000 rw-p 00000000 00:00 0 
7fec7898e000-7fec7c000000 ---p 00000000 00:00 0 
7fec7d000000-7fec7d1e0000 rw-p 00000000 00:00 0 
7fec7d1e0000-7fec7d550000 rw-p 00000000 00:00 0 
7fec7d550000-7fec7d800000 ---p 00000000 00:00 0 
7fec7d800000-7fec7d980000 rw-p 00000000 00:00 0 
7fec7d980000-7fec7da00000 rw-p 00000000 00:00 0 
7fec7da00000-7fec7dd00000 rw-p 00000000 00:00 0 
7fec7dd00000-7fec7dd70000 rw-p 00000000 00:00 0 
7fec7dd70000-7fec7de00000 ---p 00000000 00:00 0 
7fec7de00000-7fec7e000000 rw-p 00000000 00:00 0 
7fec7e000000-7fec7e080000 rw-p 00000000 00:00 0 
7fec7e080000-7fec7e100000 rw-p 00000000 00:00 0 
7fec7e100000-7fec7e300000 rw-p 00000000 00:00 0 
7fec7e300000-7fec7e500000 rw-p 00000000 00:00 0 
7fec7e500000-7fec7e600000 rw-p 00000000 00:00 0 
7fec7e600000-7fec7e800000 rw-p 00000000 00:00 0 
7fec7e800000-7fec7e900000 rw-p 00000000 00:00 0 
7fec7e900000-7fec7ea00000 rw-p 00000000 00:00 0 
7fec7ea00000-7fec7ef80000 rw-p 00000000 00:00 0 
7fec7ef80000-7fec7f000000 rw-p 00000000 00:00 0 
7fec7f000000-7fec7f100000 rw-p 00000000 00:00 0 
7fec7f100000-7fec7f200000 rw-p 00000000 00:00 0 
7fec7f200000-7fec7f500000 rw-p 00000000 00:00 0 
7fec7f500000-7fec7f600000 rw-p 00000000 00:00 0 
7fec7f600000-7fec7f800000 rw-p 00000000 00:00 0 
7fec7fa00000-7fec7fa10000 r-xp 00000000 00:1fde 387                      /home/runner/.cache/jdt-language-server/config/org.eclipse.equinox.launcher/org.eclipse.equinox.launcher.gtk.linux.x86_64_1.2.400.v20211117-0650/eclipse_11600.so
7fec7fa10000-7fec7fc0f000 ---p 00010000 00:1fde 387                      /home/runner/.cache/jdt-language-server/config/org.eclipse.equinox.launcher/org.eclipse.equinox.launcher.gtk.linux.x86_64_1.2.400.v20211117-0650/eclipse_11600.so
7fec7fc0f000-7fec7fc10000 r--p 0000f000 00:1fde 387                      /home/runner/.cache/jdt-language-server/config/org.eclipse.equinox.launcher/org.eclipse.equinox.launcher.gtk.linux.x86_64_1.2.400.v20211117-0650/eclipse_11600.so
7fec7fc10000-7fec7fc11000 rw-p 00010000 00:1fde 387                      /home/runner/.cache/jdt-language-server/config/org.eclipse.equinox.launcher/org.eclipse.equinox.launcher.gtk.linux.x86_64_1.2.400.v20211117-0650/eclipse_11600.so
7fec80000000-7fec80021000 rw-p 00000000 00:00 0 
7fec80021000-7fec84000000 ---p 00000000 00:00 0 
7fec84000000-7fec84040000 rw-p 00000000 00:00 0 
7fec84040000-7fec88000000 ---p 00000000 00:00 0 
7fec88000000-7fec88021000 rw-p 00000000 00:00 0 
7fec88021000-7fec8c000000 ---p 00000000 00:00 0 
7fec8cf00000-7fec8d000000 ---p 00000000 00:00 0 
7fec8d000000-7fec8d5af000 r--p 01122000 00:1fe1 9223372037562577944      /nix/store/gpxl5qgg8kicmcvivwmybwjlpf7wh20l-graalvm17-ce-22.3.0/lib/libjvmcicompiler.so
7fec8d5af000-7fec8d700000 r--p 00000000 00:00 0 
7fec8d700000-7fec8d73d000 rw-p 00000000 00:00 0 
7fec8d73d000-7fec8dc5d000 rw-p 0185f000 00:1fe1 9223372037562577944      /nix/store/gpxl5qgg8kicmcvivwmybwjlpf7wh20l-graalvm17-ce-22.3.0/lib/libjvmcicompiler.so
7fec8dc5d000-7fec8e044000 r--p 01d7f000 00:1fe1 9223372037562577944      /nix/store/gpxl5qgg8kicmcvivwmybwjlpf7wh20l-graalvm17-ce-22.3.0/lib/libjvmcicompiler.so
7fec8e100000-7fec8e104000 ---p 00000000 00:00 0 
7fec8e104000-7fec8e200000 rw-p 00000000 00:00 0 
7fec8e300000-7fec8e304000 ---p 00000000 00:00 0 
7fec8e304000-7fec8e400000 rw-p 00000000 00:00 0 
7fec8e500000-7fec8e504000 ---p 00000000 00:00 0 
7fec8e504000-7fec8e600000 rw-p 00000000 00:00 0 
7fec8e700000-7fec8e704000 ---p 00000000 00:00 0 
7fec8e704000-7fec8e800000 rw-p 00000000 00:00 0 
7fec8e900000-7fec8e904000 ---p 00000000 00:00 0 
7fec8e904000-7fec8ea00000 rw-p 00000000 00:00 0 
7fec8eb00000-7fec8eb04000 ---p 00000000 00:00 0 
7fec8eb04000-7fec8ec00000 rw-p 00000000 00:00 0 
7fec8ed00000-7fec8ed04000 ---p 00000000 00:00 0 
7fec8ed04000-7fec8ee00000 rw-p 00000000 00:00 0 
7fec8fa68000-7fec8ff00000 rw-p 00000000 00:00 0 
7fec90000000-7fec90064000 rw-p 00000000 00:00 0 
7fec90064000-7fec94000000 ---p 00000000 00:00 0 
7fec94000000-7fec9406e000 rw-p 00000000 00:00 0 
7fec9406e000-7fec98000000 ---p 00000000 00:00 0 
7fec98000000-7fec98021000 rw-p 00000000 00:00 0 
7fec98021000-7fec9c000000 ---p 00000000 00:00 0 
7fec9c000000-7fec9c021000 rw-p 00000000 00:00 0 
7fec9c021000-7feca0000000 ---p 00000000 00:00 0 
7feca0000000-7feca00d8000 rw-p 00000000 00:00 0 
7feca00d8000-7feca4000000 ---p 00000000 00:00 0 
7feca4000000-7feca4be0000 rw-p 00000000 00:00 0 
7feca4be0000-7feca8000000 ---p 00000000 00:00 0 
7feca8000000-7feca8021000 rw-p 00000000 00:00 0 
7feca8021000-7fecac000000 ---p 00000000 00:00 0 
7fecac000000-7fecac021000 rw-p 00000000 00:00 0 
7fecac021000-7fecb0000000 ---p 00000000 00:00 0 
7fecb0000000-7fecb0021000 rw-p 00000000 00:00 0 
7fecb0021000-7fecb4000000 ---p 00000000 00:00 0 
7fecb4000000-7fecb4021000 rw-p 00000000 00:00 0 
7fecb4021000-7fecb8000000 ---p 00000000 00:00 0 
7fecb8000000-7fecb8021000 rw-p 00000000 00:00 0 
7fecb8021000-7fecbc000000 ---p 00000000 00:00 0 
7fecbc000000-7fecbc021000 rw-p 00000000 00:00 0 
7fecbc021000-7fecc0000000 ---p 00000000 00:00 0 
7fecc0000000-7fecc003e000 rw-p 00000000 00:00 0 
7fecc003e000-7fecc4000000 ---p 00000000 00:00 0 
7fecc4100000-7fecc4104000 ---p 00000000 00:00 0 
7fecc4104000-7fecc4200000 rw-p 00000000 00:00 0 
7fecc4300000-7fecc4304000 ---p 00000000 00:00 0 
7fecc4304000-7fecc4400000 rw-p 00000000 00:00 0 
7fecc4500000-7fecc4504000 ---p 00000000 00:00 0 
7fecc4504000-7fecc4600000 rw-p 00000000 00:00 0 
7fecc4700000-7fecc4704000 ---p 00000000 00:00 0 
7fecc4704000-7fecc4800000 rw-p 00000000 00:00 0 
7fecc4900000-7fecc4904000 ---p 00000000 00:00 0 
7fecc4904000-7fecc4a00000 rw-p 00000000 00:00 0 
7fecc4b00000-7fecc4b04000 ---p 00000000 00:00 0 
7fecc4b04000-7fecc4c00000 rw-p 00000000 00:00 0 
7fecc4d00000-7fecc4d04000 ---p 00000000 00:00 0 
7fecc4d04000-7fecc4e00000 rw-p 00000000 00:00 0 
7fecc4e00000-7fecc4e04000 ---p 00000000 00:00 0 
7fecc4e04000-7fecc4f00000 rw-p 00000000 00:00 0 
7fecc4f00000-7fecc4f04000 ---p 00000000 00:00 0 
7fecc4f04000-7fecc5000000 rw-p 00000000 00:00 0 
7fecc5000000-7fecc716a000 r-xp 00000000 00:1fe1 9223372037562577944      /nix/store/gpxl5qgg8kicmcvivwmybwjlpf7wh20l-graalvm17-ce-22.3.0/lib/libjvmcicompiler.so
7fecc716a000-7fecc7369000 ---p 0216a000 00:1fe1 9223372037562577944      /nix/store/gpxl5qgg8kicmcvivwmybwjlpf7wh20l-graalvm17-ce-22.3.0/lib/libjvmcicompiler.so
7fecc7369000-7fecc736a000 r--p 02169000 00:1fe1 9223372037562577944      /nix/store/gpxl5qgg8kicmcvivwmybwjlpf7wh20l-graalvm17-ce-22.3.0/lib/libjvmcicompiler.so
7fecc736a000-7fecc736c000 rw-p 0216a000 00:1fe1 9223372037562577944      /nix/store/gpxl5qgg8kicmcvivwmybwjlpf7wh20l-graalvm17-ce-22.3.0/lib/libjvmcicompiler.so
7fecc736c000-7fecc736d000 rw-p 00000000 00:00 0 
7fecc736d000-7fecc7372000 rw-p 023c3000 00:1fe1 9223372037562577944      /nix/store/gpxl5qgg8kicmcvivwmybwjlpf7wh20l-graalvm17-ce-22.3.0/lib/libjvmcicompiler.so
7fecc73b3000-7fecc73b7000 ---p 00000000 00:00 0 
7fecc73b7000-7fecc74b3000 rw-p 00000000 00:00 0 
7fecc74b3000-7fecc7723000 rwxp 00000000 00:00 0 
7fecc7723000-7fecc7a42000 ---p 00000000 00:00 0 
7fecc7a42000-7fecc87b2000 rwxp 00000000 00:00 0 
7fecc87b2000-7feccef7a000 ---p 00000000 00:00 0 
7feccef7a000-7feccf1ea000 rwxp 00000000 00:00 0 
7feccf1ea000-7fecd64b3000 ---p 00000000 00:00 0 
7fecd64b3000-7fece0000000 r--s 00000000 00:1fe1 9223372037562580485      /nix/store/gpxl5qgg8kicmcvivwmybwjlpf7wh20l-graalvm17-ce-22.3.0/lib/modules
7fece0000000-7fece0600000 rw-p 00000000 00:00 0 
7fece0600000-7fece4000000 ---p 00000000 00:00 0 
7fece4000000-7fece4004000 ---p 00000000 00:00 0 
7fece4004000-7fece4100000 rw-p 00000000 00:00 0 
7fece4200000-7fece4204000 ---p 00000000 00:00 0 
7fece4204000-7fece4300000 rw-p 00000000 00:00 0 
7fece4418000-7fece4419000 ---p 00000000 00:00 0 
7fece4419000-7fece451a000 rw-p 00000000 00:00 0 
7fece451a000-7fece451e000 ---p 00000000 00:00 0 
7fece451e000-7fece461a000 rw-p 00000000 00:00 0 
7fece461a000-7fece461e000 ---p 00000000 00:00 0 
7fece461e000-7fece471a000 rw-p 00000000 00:00 0 
7fece471a000-7fece471e000 ---p 00000000 00:00 0 
7fece471e000-7fece481a000 rw-p 00000000 00:00 0 
7fece481a000-7fece481e000 ---p 00000000 00:00 0 
7fece481e000-7fece4a1a000 rw-p 00000000 00:00 0 
7fece4a1a000-7fece4a1e000 ---p 00000000 00:00 0 
7fece4a1e000-7fece4c1a000 rw-p 00000000 00:00 0 
7fece4c1a000-7fece4c1e000 ---p 00000000 00:00 0 
7fece4c1e000-7fece4d1a000 rw-p 00000000 00:00 0 
7fece4d1a000-7fece4d1e000 ---p 00000000 00:00 0 
7fece4d1e000-7fece4e1a000 rw-p 00000000 00:00 0 
7fece4e1a000-7fece4e1e000 ---p 00000000 00:00 0 
7fece4e1e000-7fece4f1a000 rw-p 00000000 00:00 0 
7fece4f1a000-7fece5200000 r--p 00000000 00:1f77 28444448                 /usr/lib/locale/locale-archive
7fece5200000-7fece5204000 ---p 00000000 00:00 0 
7fece5204000-7fece5300000 rw-p 00000000 00:00 0 
7fece5300000-7fece5304000 ---p 00000000 00:00 0 
7fece5304000-7fece5800000 rw-p 00000000 00:00 0 
7fece5800000-7fece59e0000 rw-p 00000000 00:00 0 
7fece59e0000-7fece5b00000 rw-p 00000000 00:00 0 
7fece5b00000-7fece5c00000 rw-p 00000000 00:00 0 
7fece5c26000-7fece5c28000 r-xp 00000000 00:1fe1 9223372037562577921      /nix/store/gpxl5qgg8kicmcvivwmybwjlpf7wh20l-graalvm17-ce-22.3.0/lib/libextnet.so
7fece5c28000-7fece5c29000 r--p 00001000 00:1fe1 9223372037562577921      /nix/store/gpxl5qgg8kicmcvivwmybwjlpf7wh20l-graalvm17-ce-22.3.0/lib/libextnet.so
7fece5c29000-7fece5c2a000 rw-p 00002000 00:1fe1 9223372037562577921      /nix/store/gpxl5qgg8kicmcvivwmybwjlpf7wh20l-graalvm17-ce-22.3.0/lib/libextnet.so
7fece5c2a000-7fece5c2b000 rw-p 00004000 00:1fe1 9223372037562577921      /nix/store/gpxl5qgg8kicmcvivwmybwjlpf7wh20l-graalvm17-ce-22.3.0/lib/libextnet.so
7fece5c2b000-7fece5c2f000 ---p 00000000 00:00 0 
7fece5c2f000-7fece5c4d000 rw-p 00000000 00:00 0 
7fece5c4d000-7fece5c54000 r-xp 00000000 00:1fe1 9223372037562580484      /nix/store/gpxl5qgg8kicmcvivwmybwjlpf7wh20l-graalvm17-ce-22.3.0/lib/libzip.so
7fece5c54000-7fece5c55000 ---p 00007000 00:1fe1 9223372037562580484      /nix/store/gpxl5qgg8kicmcvivwmybwjlpf7wh20l-graalvm17-ce-22.3.0/lib/libzip.so
7fece5c55000-7fece5c56000 r--p 00007000 00:1fe1 9223372037562580484      /nix/store/gpxl5qgg8kicmcvivwmybwjlpf7wh20l-graalvm17-ce-22.3.0/lib/libzip.so
7fece5c56000-7fece5c57000 rw-p 00008000 00:1fe1 9223372037562580484      /nix/store/gpxl5qgg8kicmcvivwmybwjlpf7wh20l-graalvm17-ce-22.3.0/lib/libzip.so
7fece5c57000-7fece5c59000 rw-p 0000b000 00:1fe1 9223372037562580484      /nix/store/gpxl5qgg8kicmcvivwmybwjlpf7wh20l-graalvm17-ce-22.3.0/lib/libzip.so
7fece5c59000-7fece5c6e000 r-xp 00000000 00:1fe1 9223372037562580474      /nix/store/gpxl5qgg8kicmcvivwmybwjlpf7wh20l-graalvm17-ce-22.3.0/lib/libnet.so
7fece5c6e000-7fece5c6f000 ---p 00015000 00:1fe1 9223372037562580474      /nix/store/gpxl5qgg8kicmcvivwmybwjlpf7wh20l-graalvm17-ce-22.3.0/lib/libnet.so
7fece5c6f000-7fece5c70000 r--p 00015000 00:1fe1 9223372037562580474      /nix/store/gpxl5qgg8kicmcvivwmybwjlpf7wh20l-graalvm17-ce-22.3.0/lib/libnet.so
7fece5c70000-7fece5c71000 rw-p 00016000 00:1fe1 9223372037562580474      /nix/store/gpxl5qgg8kicmcvivwmybwjlpf7wh20l-graalvm17-ce-22.3.0/lib/libnet.so
7fece5c71000-7fece5c74000 rw-p 0001b000 00:1fe1 9223372037562580474      /nix/store/gpxl5qgg8kicmcvivwmybwjlpf7wh20l-graalvm17-ce-22.3.0/lib/libnet.so
7fece5c74000-7fece5c87000 r-xp 00000000 00:1fe1 9223372037562580475      /nix/store/gpxl5qgg8kicmcvivwmybwjlpf7wh20l-graalvm17-ce-22.3.0/lib/libnio.so
7fece5c87000-7fece5c88000 r--p 00012000 00:1fe1 9223372037562580475      /nix/store/gpxl5qgg8kicmcvivwmybwjlpf7wh20l-graalvm17-ce-22.3.0/lib/libnio.so
7fece5c88000-7fece5c89000 rw-p 00013000 00:1fe1 9223372037562580475      /nix/store/gpxl5qgg8kicmcvivwmybwjlpf7wh20l-graalvm17-ce-22.3.0/lib/libnio.so
7fece5c89000-7fece5c8e000 rw-p 00019000 00:1fe1 9223372037562580475      /nix/store/gpxl5qgg8kicmcvivwmybwjlpf7wh20l-graalvm17-ce-22.3.0/lib/libnio.so
7fece5c8e000-7fece5c8f000 ---p 00000000 00:00 0 
7fece5c8f000-7fece5d90000 rw-p 00000000 00:00 0 
7fece5d90000-7fece5e5e000 r-xp 00000000 00:1fe1 9223372037562577940      /nix/store/gpxl5qgg8kicmcvivwmybwjlpf7wh20l-graalvm17-ce-22.3.0/lib/libjsvml.so
7fece5e5e000-7fece5e5f000 r--p 000cd000 00:1fe1 9223372037562577940      /nix/store/gpxl5qgg8kicmcvivwmybwjlpf7wh20l-graalvm17-ce-22.3.0/lib/libjsvml.so
7fece5e5f000-7fece5e60000 rw-p 000ce000 00:1fe1 9223372037562577940      /nix/store/gpxl5qgg8kicmcvivwmybwjlpf7wh20l-graalvm17-ce-22.3.0/lib/libjsvml.so
7fece5e60000-7fece7738000 rw-p 00000000 00:00 0 
7fece7738000-7fece7739000 ---p 00000000 00:00 0 
7fece7739000-7fece78e4000 rw-p 00000000 00:00 0 
7fece78e4000-7fece78fe000 rw-p 00000000 00:00 0 
7fece78fe000-7fece793a000 ---p 00000000 00:00 0 
7fece793a000-7fece7940000 rw-p 00000000 00:00 0 
7fece7940000-7fece7a26000 ---p 00000000 00:00 0 
7fece7a26000-7fece7a41000 rw-p 00000000 00:00 0 
7fece7a41000-7fece7b11000 ---p 00000000 00:00 0 
7fece7b11000-7fece7b16000 rw-p 00000000 00:00 0 
7fece7b16000-7fece7b1d000 ---p 00000000 00:00 0 
7fece7b1d000-7fece7b41000 r-xp 00000000 00:1fe1 9223372037562577932      /nix/store/gpxl5qgg8kicmcvivwmybwjlpf7wh20l-graalvm17-ce-22.3.0/lib/libjava.so
7fece7b41000-7fece7b42000 ---p 00024000 00:1fe1 9223372037562577932      /nix/store/gpxl5qgg8kicmcvivwmybwjlpf7wh20l-graalvm17-ce-22.3.0/lib/libjava.so
7fece7b42000-7fece7b43000 r--p 00024000 00:1fe1 9223372037562577932      /nix/store/gpxl5qgg8kicmcvivwmybwjlpf7wh20l-graalvm17-ce-22.3.0/lib/libjava.so
7fece7b43000-7fece7b44000 rw-p 00025000 00:1fe1 9223372037562577932      /nix/store/gpxl5qgg8kicmcvivwmybwjlpf7wh20l-graalvm17-ce-22.3.0/lib/libjava.so
7fece7b44000-7fece7b45000 rw-p 00000000 00:00 0 
7fece7b45000-7fece7b4c000 rw-p 0002f000 00:1fe1 9223372037562577932      /nix/store/gpxl5qgg8kicmcvivwmybwjlpf7wh20l-graalvm17-ce-22.3.0/lib/libjava.so
7fece7b4c000-7fece7b54000 rw-s 00000000 00:140 384                       /tmp/hsperfdata_runner/95
7fece7b54000-7fece7b55000 ---p 00000000 00:00 0 
7fece7b55000-7fece7b56000 r--p 00000000 00:00 0 
7fece7b56000-7fece7b57000 rwxp 00000000 00:00 0 
7fece7b57000-7fece7b72000 r-xp 00000000 00:1fe1 9223372037562577936      /nix/store/gpxl5qgg8kicmcvivwmybwjlpf7wh20l-graalvm17-ce-22.3.0/lib/libjimage.so
7fece7b72000-7fece7b73000 ---p 0001b000 00:1fe1 9223372037562577936      /nix/store/gpxl5qgg8kicmcvivwmybwjlpf7wh20l-graalvm17-ce-22.3.0/lib/libjimage.so
7fece7b73000-7fece7b75000 r--p 0001b000 00:1fe1 9223372037562577936      /nix/store/gpxl5qgg8kicmcvivwmybwjlpf7wh20l-graalvm17-ce-22.3.0/lib/libjimage.so
7fece7b75000-7fece7b76000 rw-p 0001d000 00:1fe1 9223372037562577936      /nix/store/gpxl5qgg8kicmcvivwmybwjlpf7wh20l-graalvm17-ce-22.3.0/lib/libjimage.so
7fece7b76000-7fece7b77000 rw-p 00024000 00:1fe1 9223372037562577936      /nix/store/gpxl5qgg8kicmcvivwmybwjlpf7wh20l-graalvm17-ce-22.3.0/lib/libjimage.so
7fece7b77000-7fece7b7b000 ---p 00000000 00:00 0 
7fece7b7b000-7fece7c77000 rw-p 00000000 00:00 0 
7fece7c77000-7fece7c85000 r--p 00000000 00:1fe1 9223372037455367831      /nix/store/4nlgxhb09sdr51nc9hdm8az5b08vzkgx-glibc-2.35-163/lib/libm.so.6
7fece7c85000-7fece7cf8000 r-xp 0000e000 00:1fe1 9223372037455367831      /nix/store/4nlgxhb09sdr51nc9hdm8az5b08vzkgx-glibc-2.35-163/lib/libm.so.6
7fece7cf8000-7fece7d55000 r--p 00081000 00:1fe1 9223372037455367831      /nix/store/4nlgxhb09sdr51nc9hdm8az5b08vzkgx-glibc-2.35-163/lib/libm.so.6
7fece7d55000-7fece7d56000 r--p 000dd000 00:1fe1 9223372037455367831      /nix/store/4nlgxhb09sdr51nc9hdm8az5b08vzkgx-glibc-2.35-163/lib/libm.so.6
7fece7d56000-7fece7d57000 rw-p 000de000 00:1fe1 9223372037455367831      /nix/store/4nlgxhb09sdr51nc9hdm8az5b08vzkgx-glibc-2.35-163/lib/libm.so.6
7fece7d57000-7fece7d58000 r--p 00000000 00:1fe1 9223372037455367850      /nix/store/4nlgxhb09sdr51nc9hdm8az5b08vzkgx-glibc-2.35-163/lib/librt.so.1
7fece7d58000-7fece7d59000 r-xp 00001000 00:1fe1 9223372037455367850      /nix/store/4nlgxhb09sdr51nc9hdm8az5b08vzkgx-glibc-2.35-163/lib/librt.so.1
7fece7d59000-7fece7d5a000 r--p 00002000 00:1fe1 9223372037455367850      /nix/store/4nlgxhb09sdr51nc9hdm8az5b08vzkgx-glibc-2.35-163/lib/librt.so.1
7fece7d5a000-7fece7d5b000 r--p 00002000 00:1fe1 9223372037455367850      /nix/store/4nlgxhb09sdr51nc9hdm8az5b08vzkgx-glibc-2.35-163/lib/librt.so.1
7fece7d5b000-7fece7d5c000 rw-p 00003000 00:1fe1 9223372037455367850      /nix/store/4nlgxhb09sdr51nc9hdm8az5b08vzkgx-glibc-2.35-163/lib/librt.so.1
7fece7d5c000-7fece8e6f000 r-xp 00000000 00:1fe1 9223372037562748770      /nix/store/gpxl5qgg8kicmcvivwmybwjlpf7wh20l-graalvm17-ce-22.3.0/lib/server/libjvm.so
7fece8e6f000-7fece8e70000 ---p 01113000 00:1fe1 9223372037562748770      /nix/store/gpxl5qgg8kicmcvivwmybwjlpf7wh20l-graalvm17-ce-22.3.0/lib/server/libjvm.so
7fece8e70000-7fece8f25000 r--p 01113000 00:1fe1 9223372037562748770      /nix/store/gpxl5qgg8kicmcvivwmybwjlpf7wh20l-graalvm17-ce-22.3.0/lib/server/libjvm.so
7fece8f25000-7fece8f59000 rw-p 011c8000 00:1fe1 9223372037562748770      /nix/store/gpxl5qgg8kicmcvivwmybwjlpf7wh20l-graalvm17-ce-22.3.0/lib/server/libjvm.so
7fece8f59000-7fece8fb5000 rw-p 00000000 00:00 0 
7fece8fb5000-7fece8fdd000 r--p 00000000 00:1fe1 9223372037455367822      /nix/store/4nlgxhb09sdr51nc9hdm8az5b08vzkgx-glibc-2.35-163/lib/libc.so.6
7fece8fdd000-7fece9153000 r-xp 00028000 00:1fe1 9223372037455367822      /nix/store/4nlgxhb09sdr51nc9hdm8az5b08vzkgx-glibc-2.35-163/lib/libc.so.6
7fece9153000-7fece91ab000 r--p 0019e000 00:1fe1 9223372037455367822      /nix/store/4nlgxhb09sdr51nc9hdm8az5b08vzkgx-glibc-2.35-163/lib/libc.so.6
7fece91ab000-7fece91af000 r--p 001f6000 00:1fe1 9223372037455367822      /nix/store/4nlgxhb09sdr51nc9hdm8az5b08vzkgx-glibc-2.35-163/lib/libc.so.6
7fece91af000-7fece91b1000 rw-p 001fa000 00:1fe1 9223372037455367822      /nix/store/4nlgxhb09sdr51nc9hdm8az5b08vzkgx-glibc-2.35-163/lib/libc.so.6
7fece91b1000-7fece91c0000 rw-p 00000000 00:00 0 
7fece91c0000-7fece91c1000 r--p 00000000 00:1fe1 9223372037455367827      /nix/store/4nlgxhb09sdr51nc9hdm8az5b08vzkgx-glibc-2.35-163/lib/libdl.so.2
7fece91c1000-7fece91c2000 r-xp 00001000 00:1fe1 9223372037455367827      /nix/store/4nlgxhb09sdr51nc9hdm8az5b08vzkgx-glibc-2.35-163/lib/libdl.so.2
7fece91c2000-7fece91c3000 r--p 00002000 00:1fe1 9223372037455367827      /nix/store/4nlgxhb09sdr51nc9hdm8az5b08vzkgx-glibc-2.35-163/lib/libdl.so.2
7fece91c3000-7fece91c4000 r--p 00002000 00:1fe1 9223372037455367827      /nix/store/4nlgxhb09sdr51nc9hdm8az5b08vzkgx-glibc-2.35-163/lib/libdl.so.2
7fece91c4000-7fece91c5000 rw-p 00003000 00:1fe1 9223372037455367827      /nix/store/4nlgxhb09sdr51nc9hdm8az5b08vzkgx-glibc-2.35-163/lib/libdl.so.2
7fece91c5000-7fece91c6000 r--p 00000000 00:1fe1 9223372037455367846      /nix/store/4nlgxhb09sdr51nc9hdm8az5b08vzkgx-glibc-2.35-163/lib/libpthread.so.0
7fece91c6000-7fece91c7000 r-xp 00001000 00:1fe1 9223372037455367846      /nix/store/4nlgxhb09sdr51nc9hdm8az5b08vzkgx-glibc-2.35-163/lib/libpthread.so.0
7fece91c7000-7fece91c8000 r--p 00002000 00:1fe1 9223372037455367846      /nix/store/4nlgxhb09sdr51nc9hdm8az5b08vzkgx-glibc-2.35-163/lib/libpthread.so.0
7fece91c8000-7fece91c9000 r--p 00002000 00:1fe1 9223372037455367846      /nix/store/4nlgxhb09sdr51nc9hdm8az5b08vzkgx-glibc-2.35-163/lib/libpthread.so.0
7fece91c9000-7fece91ca000 rw-p 00003000 00:1fe1 9223372037455367846      /nix/store/4nlgxhb09sdr51nc9hdm8az5b08vzkgx-glibc-2.35-163/lib/libpthread.so.0
7fece91ca000-7fece91d8000 r-xp 00000000 00:1fe1 9223372037562577937      /nix/store/gpxl5qgg8kicmcvivwmybwjlpf7wh20l-graalvm17-ce-22.3.0/lib/libjli.so
7fece91d8000-7fece91d9000 ---p 0000e000 00:1fe1 9223372037562577937      /nix/store/gpxl5qgg8kicmcvivwmybwjlpf7wh20l-graalvm17-ce-22.3.0/lib/libjli.so
7fece91d9000-7fece91da000 r--p 0000e000 00:1fe1 9223372037562577937      /nix/store/gpxl5qgg8kicmcvivwmybwjlpf7wh20l-graalvm17-ce-22.3.0/lib/libjli.so
7fece91da000-7fece91db000 rw-p 0000f000 00:1fe1 9223372037562577937      /nix/store/gpxl5qgg8kicmcvivwmybwjlpf7wh20l-graalvm17-ce-22.3.0/lib/libjli.so
7fece91db000-7fece91dc000 rw-p 00012000 00:1fe1 9223372037562577937      /nix/store/gpxl5qgg8kicmcvivwmybwjlpf7wh20l-graalvm17-ce-22.3.0/lib/libjli.so
7fece91dc000-7fece91df000 r--p 00000000 00:1fe1 9223372037533597975      /nix/store/026hln0aq1hyshaxsdvhg0kmcm6yf45r-zlib-1.2.13/lib/libz.so.1.2.13
7fece91df000-7fece91f1000 r-xp 00003000 00:1fe1 9223372037533597975      /nix/store/026hln0aq1hyshaxsdvhg0kmcm6yf45r-zlib-1.2.13/lib/libz.so.1.2.13
7fece91f1000-7fece91f8000 r--p 00015000 00:1fe1 9223372037533597975      /nix/store/026hln0aq1hyshaxsdvhg0kmcm6yf45r-zlib-1.2.13/lib/libz.so.1.2.13
7fece91f8000-7fece91f9000 r--p 0001b000 00:1fe1 9223372037533597975      /nix/store/026hln0aq1hyshaxsdvhg0kmcm6yf45r-zlib-1.2.13/lib/libz.so.1.2.13
7fece91f9000-7fece91fa000 rw-p 0001c000 00:1fe1 9223372037533597975      /nix/store/026hln0aq1hyshaxsdvhg0kmcm6yf45r-zlib-1.2.13/lib/libz.so.1.2.13
7fece91fa000-7fece91fc000 rw-p 00000000 00:00 0 
7fece91fc000-7fece91fe000 r--p 00000000 00:1fe1 9223372037455367816      /nix/store/4nlgxhb09sdr51nc9hdm8az5b08vzkgx-glibc-2.35-163/lib/ld-linux-x86-64.so.2
7fece91fe000-7fece9225000 r-xp 00002000 00:1fe1 9223372037455367816      /nix/store/4nlgxhb09sdr51nc9hdm8az5b08vzkgx-glibc-2.35-163/lib/ld-linux-x86-64.so.2
7fece9225000-7fece9231000 r--p 00029000 00:1fe1 9223372037455367816      /nix/store/4nlgxhb09sdr51nc9hdm8az5b08vzkgx-glibc-2.35-163/lib/ld-linux-x86-64.so.2
7fece9231000-7fece9233000 r--p 00034000 00:1fe1 9223372037455367816      /nix/store/4nlgxhb09sdr51nc9hdm8az5b08vzkgx-glibc-2.35-163/lib/ld-linux-x86-64.so.2
7fece9233000-7fece9235000 rw-p 00036000 00:1fe1 9223372037455367816      /nix/store/4nlgxhb09sdr51nc9hdm8az5b08vzkgx-glibc-2.35-163/lib/ld-linux-x86-64.so.2
7fffbf637000-7fffbf65b000 rw-p 00000000 00:00 0                          [stack]
7fffbf744000-7fffbf748000 r--p 00000000 00:00 0                          [vvar]
7fffbf748000-7fffbf74a000 r-xp 00000000 00:00 0                          [vdso]
ffffffffff600000-ffffffffff601000 --xp 00000000 00:00 0                  [vsyscall]


VM Arguments:
jvm_args: -XX:ThreadPriorityPolicy=1 -XX:+UnlockExperimentalVMOptions -XX:+EnableJVMCIProduct -XX:JVMCIThreadsPerNativeLibraryRuntime=1 -XX:-UnlockExperimentalVMOptions -Declipse.application=org.eclipse.jdt.ls.core.id1 -Dosgi.bundles.defaultStartLevel=4 -Declipse.product=org.eclipse.jdt.ls.core.product -Dlog.level=ALL -Xverify:none -XX:+UseParallelGC -XX:GCTimeRatio=4 -XX:AdaptiveSizePolicyWeight=90 -Dsun.zip.disableMemoryMapping=true -Xmx512m -Xms100m 
java_command: /nix/store/m6gcpi1ii6rghy04cjwjddcavv7i90df-jdt-language-server-1.9.0/share/java/plugins/org.eclipse.equinox.launcher_1.6.400.v20210924-0641.jar --add-modules=ALL-SYSTEM --add-opens java.base/java.util=ALL-UNNAMED --add-opens java.base/java.lang=ALL-UNNAMED -configuration /home/runner/.cache/jdt-language-server/config -data /home/runner/.cache/jdt-language-server/data/home/runner/capitulo183
java_class_path (initial): /nix/store/m6gcpi1ii6rghy04cjwjddcavv7i90df-jdt-language-server-1.9.0/share/java/plugins/org.eclipse.equinox.launcher_1.6.400.v20210924-0641.jar
Launcher Type: SUN_STANDARD

[Global flags]
    uintx AdaptiveSizePolicyWeight                 = 90                                        {product} {command line}
     intx CICompilerCount                          = 2                                         {product} {ergonomic}
     bool EnableJVMCIProduct                       = true                                {JVMCI product} {jimage}
    uintx GCTimeRatio                              = 4                                         {product} {command line}
   size_t InitialHeapSize                          = 104857600                                 {product} {command line}
     uint JVMCIThreadsPerNativeLibraryRuntime      = 1                                   {JVMCI product} {jimage}
   size_t MaxHeapSize                              = 536870912                                 {product} {command line}
   size_t MaxNewSize                               = 178782208                                 {product} {ergonomic}
   size_t MinHeapDeltaBytes                        = 524288                                    {product} {ergonomic}
   size_t MinHeapSize                              = 104857600                                 {product} {command line}
   size_t NewSize                                  = 34603008                                  {product} {ergonomic}
    uintx NonNMethodCodeHeapSize                   = 5826188                                {pd product} {ergonomic}
    uintx NonProfiledCodeHeapSize                  = 122916026                              {pd product} {ergonomic}
   size_t OldSize                                  = 70254592                                  {product} {ergonomic}
    uintx ProfiledCodeHeapSize                     = 122916026                              {pd product} {ergonomic}
    uintx ReservedCodeCacheSize                    = 251658240                              {pd product} {ergonomic}
     bool SegmentedCodeCache                       = true                                      {product} {ergonomic}
   size_t SoftMaxHeapSize                          = 536870912                              {manageable} {ergonomic}
     intx ThreadPriorityPolicy                     = 1                                         {product} {jimage}
     bool UseCompressedClassPointers               = true                           {product lp64_product} {ergonomic}
     bool UseCompressedOops                        = true                           {product lp64_product} {ergonomic}
     bool UseParallelGC                            = true                                      {product} {command line}

Logging:
Log output configuration:
 #0: stdout all=warning uptime,level,tags
 #1: stderr all=off uptime,level,tags

Environment Variables:
JAVA_HOME=/nix/store/gpxl5qgg8kicmcvivwmybwjlpf7wh20l-graalvm17-ce-22.3.0
PATH=/nix/store/1d6ian3r8kdzspw8hacjhl3xkp40g1lj-binutils-wrapper-2.39/bin:/nix/store/dq0xwmsk1g0i2ayg6pb7y87na2knzylh-gcc-wrapper-11.3.0/bin:/nix/store/bap4d0lpcrhpwmpb8ayjcgkmvfj62lnq-bash-interactive-5.1-p16/bin:/nix/store/pr5n59mb4jzmfx6kanwxly0l07p861fg-patchelf-0.15.0/bin:/nix/store/1gf2flfqnpqbr1b4p4qz2f72y42bs56r-gcc-11.3.0/bin:/nix/store/57xv61c5zi8pphjbcwxxjlgc34p61ic9-glibc-2.35-163-bin/bin:/nix/store/a7gvj343m05j2s32xcnwr35v31ynlypr-coreutils-9.1/bin:/nix/store/039g378vc3pc3dvi9dzdlrd0i4q93qwf-binutils-2.39/bin:/nix/store/gpxl5qgg8kicmcvivwmybwjlpf7wh20l-graalvm17-ce-22.3.0/bin:/nix/store/6z9ag3ihc8mq2hzsw48lhbznvzny65nz-apache-maven-3.8.6/bin:/nix/store/m6gcpi1ii6rghy04cjwjddcavv7i90df-jdt-language-server-1.9.0/bin:/nix/store/84xs5alhs01zrbr4ywm05kxbjbp5590l-java-debug/bin:/nix/store/mydc6f4k2z73xlcz7ilif3v2lcaiqvza-findutils-4.9.0/bin:/nix/store/j9p3g8472iijd50vhdprx0nmk2fqn5gv-diffutils-3.8/bin:/nix/store/89zs7rms6x00xfq4dq6m7mjnhkr8a6r4-gnused-4.8/bin:/nix/store/86bp03jkmsl6f92w0yzg4s59g5mhxwmy-gnugrep-3.7/bin:/nix/store/hwcdqw4jrjnd37wxqgsd47hd0j8bnj09-gawk-5.1.1/bin:/nix/store/cfbhw8r8ags41vwqaz47r583d0p4h4a1-gnutar-1.34/bin:/nix/store/p3m1ndl1lapwrlh698bnb5lvvxh67378-gzip-1.12/bin:/nix/store/a8mhcagrsly7c7mpjrpsnaahk4aax056-bzip2-1.0.8-bin/bin:/nix/store/mblgz65m3zv9x548a3d5m96fj2pbwr09-gnumake-4.3/bin:/nix/store/dsd5gz46hdbdk2rfdimqddhq6m8m8fqs-bash-5.1-p16/bin:/nix/store/v7ljksji50mg3w61dykaa3n3y79n6nil-patch-2.7.6/bin:/nix/store/zlcnmqq14jz5x9439jf937mvayyl63da-xz-5.2.7-bin/bin:/nix/store/y6aj732zm9m87c82fpvf103a1xb22blp-file-5.43/bin:/nix/store/sgqd0ajghcv2axfl1lad0b1alyavp0dc-prybar-elisp-0.0.0-67f7a00/bin:/nix/store/p3hsvljpgs68jqwar41lc0jqhjj734lf-prybar-lua-0.0.0-67f7a00/bin:/nix/store/qzxs2gybds3s9kb1vkaflpgm2nwr85fh-prybar-python3-0.0.0-67f7a00/bin:/nix/store/km94z9mxp8w4m8gxxp5mbfpdf3nkfvd8-prybar-sqlite-0.0.0-67f7a00/bin:/nix/store/2pnc7b76asw0z59c4l6h6qy8arwqrii1-prybar-tcl-0.0.0-67f7a00/bin:/nix/store/hpbvrlwd5viqmvcaisb3x0118i913a9n-st
LD_LIBRARY_PATH=/nix/store/a4pff549sk2idnkpzk5nsfps3mdkdnvm-cups-2.4.2-lib/lib:/nix/store/72mqxxhh3cy5yifh92wh2yb8cl2hikyy-cairo-1.16.0/lib:/nix/store/2k366jrbsra97gjfxwvrhvixjfxdach5-glib-2.74.1/lib:/nix/store/2j2znigd8ak37rlwh9khz0ry3clqlw1l-gtk+3-3.24.34/lib:/nix/store/hisqvx32cd57apbpcsnkpx6k3549wql1-libglvnd-1.4.0/lib:/nix/store/p36pgcv991mq5srvg765b78yqpxvk3qs-mesa-21.3.3-drivers/lib:/nix/store/mav4251if1ahjq5vkpwycyyvnmy459c4-pulseaudio-14.2/lib
DISPLAY=:0
LANG=en_US.UTF-8

Signal Handlers:
   SIGSEGV: crash_handler in libjvm.so, mask=11100100010111111101111111111110, flags=SA_RESTART|SA_SIGINFO
    SIGBUS: crash_handler in libjvm.so, mask=11100100010111111101111111111110, flags=SA_RESTART|SA_SIGINFO
    SIGFPE: crash_handler in libjvm.so, mask=11100100010111111101111111111110, flags=SA_RESTART|SA_SIGINFO
   SIGPIPE: IsolateEnterStub_IgnoreSIGPIPEStartupHook_noopSignalHandler_8f19bff2f35b5f630d83b364d6b2339320d4ec70_216e8361c6bc87a8f89f58cc10d3b2fd4415bf87 in libjvmcicompiler.so, mask=00000000000000000000000000000000, flags=SA_RESTART
  *** Handler was modified!
  *** Expected: javaSignalHandler in libjvm.so, mask=11100100110111111111111111111110, flags=SA_RESTART|SA_SIGINFO
   SIGXFSZ: javaSignalHandler in libjvm.so, mask=11100100010111111101111111111110, flags=SA_RESTART|SA_SIGINFO
    SIGILL: crash_handler in libjvm.so, mask=11100100010111111101111111111110, flags=SA_RESTART|SA_SIGINFO
   SIGUSR2: SR_handler in libjvm.so, mask=00000000000000000000000000000000, flags=SA_RESTART|SA_SIGINFO
    SIGHUP: UserHandler in libjvm.so, mask=11100100010111111101111111111110, flags=SA_RESTART|SA_SIGINFO
    SIGINT: UserHandler in libjvm.so, mask=11100100010111111101111111111110, flags=SA_RESTART|SA_SIGINFO
   SIGTERM: UserHandler in libjvm.so, mask=11100100010111111101111111111110, flags=SA_RESTART|SA_SIGINFO
   SIGQUIT: UserHandler in libjvm.so, mask=11100100010111111101111111111110, flags=SA_RESTART|SA_SIGINFO
  *** Handler was modified!
  *** Expected: javaSignalHandler in libjvm.so, mask=11100100110111111111111111111110, flags=SA_RESTART|SA_SIGINFO
   SIGTRAP: crash_handler in libjvm.so, mask=11100100010111111101111111111110, flags=SA_RESTART|SA_SIGINFO


---------------  S Y S T E M  ---------------

OS:
DISTRIB_ID=Ubuntu
DISTRIB_RELEASE=20.04
DISTRIB_CODENAME=focal
DISTRIB_DESCRIPTION="Ubuntu 20.04.2 LTS"
uname: Linux 5.15.0-1025-gcp #32~20.04.2-Ubuntu SMP Tue Nov 29 08:31:04 UTC 2022 x86_64
OS uptime: 0 days 7:04 hours
libc: glibc 2.35 NPTL 2.35 
rlimit (soft/hard): STACK 8192k/infinity , CORE infinity/infinity , NPROC infinity/infinity , NOFILE 5242/5242 , AS infinity/infinity , CPU infinity/infinity , DATA infinity/infinity , FSIZE infinity/infinity , MEMLOCK 64k/64k
load average: 21.09 21.50 20.58

/proc/meminfo:
MemTotal:       32872716 kB
MemFree:         6175212 kB
MemAvailable:   22068744 kB
Buffers:         2138536 kB
Cached:         11310836 kB
SwapCached:            0 kB
Active:          6241440 kB
Inactive:       15553432 kB
Active(anon):      16600 kB
Inactive(anon):  8026676 kB
Active(file):    6224840 kB
Inactive(file):  7526756 kB
Unevictable:       42348 kB
Mlocked:           42348 kB
SwapTotal:             0 kB
SwapFree:              0 kB
Dirty:             23332 kB
Writeback:             0 kB
AnonPages:       8078620 kB
Mapped:          1822284 kB
Shmem:             46748 kB
KReclaimable:    2607772 kB
Slab:            4001784 kB
SReclaimable:    2607772 kB
SUnreclaim:      1394012 kB
KernelStack:      403920 kB
PageTables:       163964 kB
NFS_Unstable:          0 kB
Bounce:                0 kB
WritebackTmp:          0 kB
CommitLimit:    16436356 kB
Committed_AS:   58263780 kB
VmallocTotal:   34359738367 kB
VmallocUsed:      443884 kB
VmallocChunk:          0 kB
Percpu:            41872 kB
HardwareCorrupted:     0 kB
AnonHugePages:     65536 kB
ShmemHugePages:        0 kB
ShmemPmdMapped:        0 kB
FileHugePages:         0 kB
FilePmdMapped:         0 kB
HugePages_Total:       0
HugePages_Free:        0
HugePages_Rsvd:        0
HugePages_Surp:        0
Hugepagesize:       2048 kB
Hugetlb:               0 kB
DirectMap4k:     3986240 kB
DirectMap2M:    26419200 kB
DirectMap1G:     5242880 kB

/sys/kernel/mm/transparent_hugepage/enabled: always [madvise] never
/sys/kernel/mm/transparent_hugepage/defrag (defrag/compaction efforts parameter): always defer defer+madvise [madvise] never

Process Memory:
Virtual Size: 3861068K (peak: 3890956K)
Resident Set Size: 732868K (peak: 763996K) (anon: 535784K, file: 197084K, shmem: 0K)
Swapped out: 0K
C-Heap outstanding allocations: 39297K, retained: 12174K
glibc malloc tunables: (default)

/proc/sys/kernel/threads-max (system-wide limit on the number of threads): 256750
/proc/sys/vm/max_map_count (maximum number of memory map areas a process may have): 65530
/proc/sys/kernel/pid_max (system-wide limit on number of process identifiers): 4194304

container (cgroup) information:
container_type: cgroupv1
cpu_cpuset_cpus: 1-3
cpu_memory_nodes: 0
active_processor_count: 1
cpu_quota: 50000
cpu_period: 100000
cpu_shares: 512
memory_limit_in_bytes: 1048576 k
memory_and_swap_limit_in_bytes: 1048576 k
memory_soft_limit_in_bytes: 524288 k
memory_usage_in_bytes: 960848 k
memory_max_usage_in_bytes: 979620 k
maximum number of tasks: 1000
current number of tasks: 69

KVM virtualization detected
Steal ticks since vm start: 0
Steal ticks percentage since vm start:  0.000

CPU: total 4 (initial active 1) (4 cores per cpu, 2 threads per core) family 23 model 49 stepping 0 microcode 0x1000065, cx8, cmov, fxsr, ht, mmx, 3dnowpref, sse, sse2, sse3, ssse3, sse4a, sse4.1, sse4.2, popcnt, lzcnt, tsc, tscinvbit, avx, avx2, aes, clmul, bmi1, bmi2, adx, sha, fma, vzeroupper, clflush, clflushopt, hv
CPU Model and flags from /proc/cpuinfo:
model name	: AMD EPYC 7B12
flags		: fpu vme de pse tsc msr pae mce cx8 apic sep mtrr pge mca cmov pat pse36 clflush mmx fxsr sse sse2 ht syscall nx mmxext fxsr_opt pdpe1gb rdtscp lm constant_tsc rep_good nopl nonstop_tsc cpuid extd_apicid tsc_known_freq pni pclmulqdq ssse3 fma cx16 sse4_1 sse4_2 movbe popcnt aes xsave avx f16c rdrand hypervisor lahf_lm cmp_legacy cr8_legacy abm sse4a misalignsse 3dnowprefetch osvw topoext ssbd ibrs ibpb stibp vmmcall fsgsbase tsc_adjust bmi1 avx2 smep bmi2 rdseed adx smap clflushopt clwb sha_ni xsaveopt xsavec xgetbv1 clzero xsaveerptr arat npt nrip_save umip rdpid

Online cpus: 0-3
Offline cpus: 
BIOS frequency limitation: <Not Available>
Frequency switch latency (ns): <Not Available>
Available cpu frequencies: <Not Available>
Current governor: <Not Available>
Core performance/turbo boost: <Not Available>

Memory: 4k page, physical 1048576k(87720k free), swap 0k(0k free)
Page Sizes: 4k

vm_info: OpenJDK 64-Bit Server VM (17.0.5+8-jvmci-22.3-b08) for linux-amd64 JRE (17.0.5+8-jvmci-22.3-b08), built on Oct 19 2022 09:01:27 by "buildslave" with gcc 10.3.0

END.
